This is XeTeX, Version 3.14159265-2.6-0.99996 (MiKTeX 2.9) (preloaded format=xelatex 2016.11.9)  14 MAR 2017 13:47
entering extended mode
**./lab1.tex.tex
(lab1.tex.tex
LaTeX2e <2016/03/31> patch level 2
Babel <3.9r> and hyphenation patterns for 75 language(s) loaded.
("C:\Program Files (x86)\MiKTeX 2.9\tex\latex\base\article.cls"
Document Class: article 2014/09/29 v1.4h Standard LaTeX document class
("C:\Program Files (x86)\MiKTeX 2.9\tex\latex\base\size10.clo"
File: size10.clo 2014/09/29 v1.4h Standard LaTeX file (size option)
)
\c@part=\count79
\c@section=\count80
\c@subsection=\count81
\c@subsubsection=\count82
\c@paragraph=\count83
\c@subparagraph=\count84
\c@figure=\count85
\c@table=\count86
\abovecaptionskip=\skip41
\belowcaptionskip=\skip42
\bibindent=\dimen102
)
("C:\Program Files (x86)\MiKTeX 2.9\tex\latex\base\inputenc.sty"
Package: inputenc 2015/03/17 v1.2c Input encoding file
\inpenc@prehook=\toks14
\inpenc@posthook=\toks15


Package inputenc Warning: inputenc package ignored with utf8 based engines.

) ("C:\Program Files (x86)\MiKTeX 2.9\tex\generic\babel\babel.sty"
Package: babel 2016/04/23 3.9r The Babel package

*************************************
* Local config file bblopts.cfg used
*
("C:\Program Files (x86)\MiKTeX 2.9\tex\latex\arabi\bblopts.cfg"
File: bblopts.cfg 2005/09/08 v0.1 add Arabic and Farsi to "declared" options of
 babel
)
("C:\Program Files (x86)\MiKTeX 2.9\tex\latex\babel-english\english.ldf"
Language: english 2012/08/20 v3.3p English support from the babel system

("C:\Program Files (x86)\MiKTeX 2.9\tex\generic\babel\babel.def"
File: babel.def 2016/04/23 3.9r Babel common definitions
\babel@savecnt=\count87
\U@D=\dimen103

("C:\Program Files (x86)\MiKTeX 2.9\tex\generic\babel\xebabel.def"))
\l@canadian = a dialect from \language\l@american 
\l@australian = a dialect from \language\l@british 
\l@newzealand = a dialect from \language\l@british 
)
("C:\Program Files (x86)\MiKTeX 2.9\tex\latex\babel-georgian\georgian.ldf"
Language: georgian 2014/04/17 2.1 Georgian support from the babel system


Package babel Warning: No Georgian font encoding has been loaded so far.
(babel)                A font encoding should be declared before babel.
(babel)                Default `EU1' encoding will be loaded  on input line 73.


("C:\Program Files (x86)\MiKTeX 2.9\tex\latex\euenc\eu1enc.def"
File: eu1enc.def 2010/05/27 v0.1h Experimental Unicode font encodings
)

Package babel Warning: inputenc should not be used with LuaTeX or XeTeX on inpu
t line 105.

Package babel Info: Making " an active character on input line 106.
Package babel Info: \geodash is defined on input line 142.
("C:\Program Files (x86)\MiKTeX 2.9\tex\latex\babel-georgian\georgiancaps.tex"
File: georgiancaps.tex 2013/06/06 v2.0 Captions in Georgian
))) ("C:\Program Files (x86)\MiKTeX 2.9\tex\latex\fontspec\fontspec.sty"
("C:\Program Files (x86)\MiKTeX 2.9\tex\latex\l3kernel\expl3.sty"
Package: expl3 2016/10/19 v6730 L3 programming layer (loader) 

("C:\Program Files (x86)\MiKTeX 2.9\tex\latex\l3kernel\expl3-code.tex"
Package: expl3 2016/10/19 v6730 L3 programming layer (code)
L3 Module: l3bootstrap 2016/06/13 v6596 L3 Bootstrap code
L3 Module: l3names 2016/10/13 v6722 L3 Namespace for primitives
L3 Module: l3basics 2016/09/01 v6696 L3 Basic definitions
L3 Module: l3expan 2016/08/19 v6684 L3 Argument expansion
L3 Module: l3tl 2016/08/19 v6692 L3 Token lists
L3 Module: l3str 2016/08/19 v6692 L3 Strings
L3 Module: l3seq 2016/08/19 v6685 L3 Sequences and stacks
L3 Module: l3int 2016/09/07 v6700 L3 Integers
\c_max_int=\count88
\l_tmpa_int=\count89
\l_tmpb_int=\count90
\g_tmpa_int=\count91
\g_tmpb_int=\count92
L3 Module: l3quark 2016/08/19 v6685 L3 Quarks
L3 Module: l3prg 2016/08/18 v6679 L3 Control structures
\g__prg_map_int=\count93
L3 Module: l3clist 2016/08/19 v6685 L3 Comma separated lists
L3 Module: l3token 2016/09/01 v6695 L3 Experimental token manipulation
L3 Module: l3prop 2016/08/19 v6685 L3 Property lists
L3 Module: l3msg 2016/08/19 v6691 L3 Messages
L3 Module: l3file 2016/08/19 v6685 L3 File and I/O operations
\l_iow_line_count_int=\count94
\l__iow_target_count_int=\count95
\l__iow_current_line_int=\count96
\l__iow_current_word_int=\count97
\l__iow_current_indentation_int=\count98
L3 Module: l3skip 2016/08/19 v6692 L3 Dimensions and skips
\c_zero_dim=\dimen104
\c_max_dim=\dimen105
\l_tmpa_dim=\dimen106
\l_tmpb_dim=\dimen107
\g_tmpa_dim=\dimen108
\g_tmpb_dim=\dimen109
\c_zero_skip=\skip43
\c_max_skip=\skip44
\l_tmpa_skip=\skip45
\l_tmpb_skip=\skip46
\g_tmpa_skip=\skip47
\g_tmpb_skip=\skip48
\c_zero_muskip=\muskip10
\c_max_muskip=\muskip11
\l_tmpa_muskip=\muskip12
\l_tmpb_muskip=\muskip13
\g_tmpa_muskip=\muskip14
\g_tmpb_muskip=\muskip15
L3 Module: l3keys 2016/09/21 v6711 L3 Key-value interfaces
\l_keys_choice_int=\count99
L3 Module: l3fp 2016/08/19 v6685 L3 Floating points
\c__fp_leading_shift_int=\count100
\c__fp_middle_shift_int=\count101
\c__fp_trailing_shift_int=\count102
\c__fp_big_leading_shift_int=\count103
\c__fp_big_middle_shift_int=\count104
\c__fp_big_trailing_shift_int=\count105
\c__fp_Bigg_leading_shift_int=\count106
\c__fp_Bigg_middle_shift_int=\count107
\c__fp_Bigg_trailing_shift_int=\count108
L3 Module: l3box 2016/08/19 v6685 L3 Experimental boxes
\c_empty_box=\box26
\l_tmpa_box=\box27
\l_tmpb_box=\box28
\g_tmpa_box=\box29
\g_tmpb_box=\box30
L3 Module: l3coffins 2016/08/19 v6685 L3 Coffin code layer
\l__coffin_internal_box=\box31
\l__coffin_internal_dim=\dimen110
\l__coffin_offset_x_dim=\dimen111
\l__coffin_offset_y_dim=\dimen112
\l__coffin_x_dim=\dimen113
\l__coffin_y_dim=\dimen114
\l__coffin_x_prime_dim=\dimen115
\l__coffin_y_prime_dim=\dimen116
\c_empty_coffin=\box32
\l__coffin_aligned_coffin=\box33
\l__coffin_aligned_internal_coffin=\box34
\l_tmpa_coffin=\box35
\l_tmpb_coffin=\box36
\l__coffin_display_coffin=\box37
\l__coffin_display_coord_coffin=\box38
\l__coffin_display_pole_coffin=\box39
\l__coffin_display_offset_dim=\dimen117
\l__coffin_display_x_dim=\dimen118
\l__coffin_display_y_dim=\dimen119
L3 Module: l3color 2016/06/13 v6596 L3 Experimental color support
L3 Module: l3sys 2015/09/25 v6087 L3 Experimental system/runtime functions
L3 Module: l3candidates 2016/08/19 v6688 L3 Experimental additions to l3kernel
\l__box_top_dim=\dimen120
\l__box_bottom_dim=\dimen121
\l__box_left_dim=\dimen122
\l__box_right_dim=\dimen123
\l__box_top_new_dim=\dimen124
\l__box_bottom_new_dim=\dimen125
\l__box_left_new_dim=\dimen126
\l__box_right_new_dim=\dimen127
\l__box_internal_box=\box40
\l__coffin_bounding_shift_dim=\dimen128
\l__coffin_left_corner_dim=\dimen129
\l__coffin_right_corner_dim=\dimen130
\l__coffin_bottom_corner_dim=\dimen131
\l__coffin_top_corner_dim=\dimen132
\l__coffin_scaled_total_height_dim=\dimen133
\l__coffin_scaled_width_dim=\dimen134
L3 Module: l3luatex 2016/08/18 v6679 L3 Experimental LuaTeX-specific functions
)
("C:\Program Files (x86)\MiKTeX 2.9\tex\latex\l3kernel\l3xdvipdfmx.def"
File: l3xdvidpfmx.def 2016/08/18 v6679 L3 Experimental driver: xdvipdfmx
\l__driver_tmp_box=\box41
))
("C:\Program Files (x86)\MiKTeX 2.9\tex\latex\l3packages\xparse\xparse.sty"
Package: xparse 2016/10/19 v6730 L3 Experimental document command parser
\l__xparse_current_arg_int=\count109
\l__xparse_m_args_int=\count110
\l__xparse_mandatory_args_int=\count111
\l__xparse_processor_int=\count112
\l__xparse_v_nesting_int=\count113
)
Package: fontspec 2016/02/01 v2.5a Font selection for XeLaTeX and LuaLaTeX

("C:\Program Files (x86)\MiKTeX 2.9\tex\latex\fontspec\fontspec-xetex.sty"
Package: fontspec-xetex 2016/02/01 v2.5a Font selection for XeLaTeX and LuaLaTe
X
\l_fontspec_script_int=\count114
\l_fontspec_language_int=\count115
\l_fontspec_strnum_int=\count116
\l__fontspec_tmpa_dim=\dimen135
\l__fontspec_tmpb_dim=\dimen136
\l__fontspec_tmpc_dim=\dimen137
\g__file_internal_ior=\read1

("C:\Program Files (x86)\MiKTeX 2.9\tex\latex\base\fontenc.sty"
Package: fontenc 2016/06/19 v1.99m Standard LaTeX package

("C:\Program Files (x86)\MiKTeX 2.9\tex\latex\euenc\eu1enc.def"
File: eu1enc.def 2010/05/27 v0.1h Experimental Unicode font encodings
LaTeX Font Info:    Redeclaring font encoding EU1 on input line 17.
)
LaTeX Font Info:    Try loading font information for EU1+lmr on input line 105.


("C:\Program Files (x86)\MiKTeX 2.9\tex\latex\euenc\eu1lmr.fd"
File: eu1lmr.fd 2009/10/30 v1.6 Font defs for Latin Modern
))
("C:\Program Files (x86)\MiKTeX 2.9\tex\xelatex\xunicode\xunicode.sty"
File: xunicode.sty 2011/09/09 v0.981 provides access to latin accents and many 
other characters in Unicode lower plane

*** you should *not* be loading the inputenc package
*** XeTeX expects the source to be in UTF8 encoding
*** some features of other encodings may conflict, resulting in poor output.
("C:\Program Files (x86)\MiKTeX 2.9\tex\latex\tipa\t3enc.def"
File: t3enc.def 2001/12/31 T3 encoding
LaTeX Font Info:    Try loading font information for EU1+lmss on input line 357
.

("C:\Program Files (x86)\MiKTeX 2.9\tex\latex\euenc\eu1lmss.fd"
File: eu1lmss.fd 2009/10/30 v1.6 Font defs for Latin Modern
))
\tipaTiiicode=\count117
\tipasavetokens=\toks16
\tipachecktokens=\toks17

("C:\Program Files (x86)\MiKTeX 2.9\tex\latex\graphics\graphicx.sty"
Package: graphicx 2014/10/28 v1.0g Enhanced LaTeX Graphics (DPC,SPQR)

("C:\Program Files (x86)\MiKTeX 2.9\tex\latex\graphics\keyval.sty"
Package: keyval 2014/10/28 v1.15 key=value parser (DPC)
\KV@toks@=\toks18
)
("C:\Program Files (x86)\MiKTeX 2.9\tex\latex\graphics\graphics.sty"
Package: graphics 2016/06/02 v1.0s Standard LaTeX Graphics (DPC,SPQR)

("C:\Program Files (x86)\MiKTeX 2.9\tex\latex\graphics\trig.sty"
Package: trig 2016/01/03 v1.10 sin cos tan (DPC)
)
("C:\Program Files (x86)\MiKTeX 2.9\tex\latex\00miktex\graphics.cfg"
File: graphics.cfg 2016/06/04 v1.11 sample graphics configuration
)
Package graphics Info: Driver file: xetex.def on input line 99.

("C:\Program Files (x86)\MiKTeX 2.9\tex\latex\graphics-def\xetex.def"
File: xetex.def 2016/07/11 v4.10 LaTeX color/graphics driver for XeTeX (L3/RRM/
JK)
))
\Gin@req@height=\dimen138
\Gin@req@width=\dimen139
))
.................................................
. LaTeX info: "xparse/define-command"
. 
. Defining command \__fontspec_post_arg:w with sig. 'mmO{}' on line 353.
.................................................
.................................................
. LaTeX info: "xparse/define-command"
. 
. Defining command \fontspec with sig. 'om' on line 355.
.................................................
.................................................
. LaTeX info: "xparse/define-command"
. 
. Defining command \setmainfont with sig. 'om' on line 365.
.................................................
.................................................
. LaTeX info: "xparse/define-command"
. 
. Defining command \setsansfont with sig. 'om' on line 375.
.................................................
.................................................
. LaTeX info: "xparse/define-command"
. 
. Defining command \setmonofont with sig. 'om' on line 385.
.................................................
.................................................
. LaTeX info: "xparse/define-command"
. 
. Defining command \setmathrm with sig. 'om' on line 399.
.................................................
.................................................
. LaTeX info: "xparse/define-command"
. 
. Defining command \setboldmathrm with sig. 'om' on line 407.
.................................................
.................................................
. LaTeX info: "xparse/define-command"
. 
. Defining command \setmathsf with sig. 'om' on line 415.
.................................................
.................................................
. LaTeX info: "xparse/define-command"
. 
. Defining command \setmathtt with sig. 'om' on line 423.
.................................................
.................................................
. LaTeX info: "xparse/define-command"
. 
. Defining command \newfontfamily with sig. 'mom' on line 437.
.................................................
.................................................
. LaTeX info: "xparse/define-command"
. 
. Defining command \newfontface with sig. 'mom' on line 453.
.................................................
.................................................
. LaTeX info: "xparse/define-command"
. 
. Defining command \defaultfontfeatures with sig. 't+om' on line 467.
.................................................
.................................................
. LaTeX info: "xparse/define-command"
. 
. Defining command \addfontfeatures with sig. 'm' on line 529.
.................................................
.................................................
. LaTeX info: "xparse/define-command"
. 
. Defining command \newfontfeature with sig. 'mm' on line 540.
.................................................
.................................................
. LaTeX info: "xparse/define-command"
. 
. Defining command \newAATfeature with sig. 'mmmm' on line 548.
.................................................
.................................................
. LaTeX info: "xparse/define-command"
. 
. Defining command \newopentypefeature with sig. 'mmm' on line 556.
.................................................
.................................................
. LaTeX info: "xparse/define-command"
. 
. Defining command \aliasfontfeature with sig. 'mm' on line 577.
.................................................
.................................................
. LaTeX info: "xparse/define-command"
. 
. Defining command \aliasfontfeatureoption with sig. 'mmm' on line 586.
.................................................
.................................................
. LaTeX info: "xparse/define-command"
. 
. Defining command \newfontscript with sig. 'mm' on line 590.
.................................................
.................................................
. LaTeX info: "xparse/define-command"
. 
. Defining command \newfontlanguage with sig. 'mm' on line 594.
.................................................
.................................................
. LaTeX info: "xparse/define-command"
. 
. Defining command \DeclareFontsExtensions with sig. 'm' on line 599.
.................................................
\l__fontspec_tmp_int=\count118

("C:\Program Files (x86)\MiKTeX 2.9\tex\latex\fontspec\fontspec.cfg")
LaTeX Info: Redefining \itshape on input line 2705.
LaTeX Info: Redefining \slshape on input line 2710.
LaTeX Info: Redefining \scshape on input line 2715.
LaTeX Info: Redefining \upshape on input line 2720.
\l__fontspec_em_int=\count119
\l__fontspec_emdef_int=\count120
LaTeX Info: Redefining \em on input line 2736.
LaTeX Info: Redefining \emph on input line 2742.
LaTeX Info: Redefining \- on input line 2746.
.................................................
. LaTeX info: "xparse/redefine-command"
. 
. Redefining command \oldstylenums with sig. 'm' on line 2841.
.................................................
.................................................
. LaTeX info: "xparse/define-command"
. 
. Defining command \liningnums with sig. 'm' on line 2845.
.................................................
))
("C:\Program Files (x86)\MiKTeX 2.9\tex\latex\geometry\geometry.sty"
Package: geometry 2010/09/12 v5.6 Page Geometry

("C:\Program Files (x86)\MiKTeX 2.9\tex\generic\oberdiek\ifpdf.sty"
Package: ifpdf 2016/05/14 v3.1 Provides the ifpdf switch
)
("C:\Program Files (x86)\MiKTeX 2.9\tex\generic\oberdiek\ifvtex.sty"
Package: ifvtex 2016/05/16 v1.6 Detect VTeX and its facilities (HO)
Package ifvtex Info: VTeX not detected.
)
("C:\Program Files (x86)\MiKTeX 2.9\tex\generic\ifxetex\ifxetex.sty"
Package: ifxetex 2010/09/12 v0.6 Provides ifxetex conditional
)
\Gm@cnth=\count121
\Gm@cntv=\count122
\c@Gm@tempcnt=\count123
\Gm@bindingoffset=\dimen140
\Gm@wd@mp=\dimen141
\Gm@odd@mp=\dimen142
\Gm@even@mp=\dimen143
\Gm@layoutwidth=\dimen144
\Gm@layoutheight=\dimen145
\Gm@layouthoffset=\dimen146
\Gm@layoutvoffset=\dimen147
\Gm@dimlist=\toks19

("C:\Program Files (x86)\MiKTeX 2.9\tex\xelatex\xetexconfig\geometry.cfg"))
(C:/PROGRA~1/R/R-33~1.2/share/texmf/tex/latex\Sweave.sty
Package: Sweave 

("C:\Program Files (x86)\MiKTeX 2.9\tex\latex\base\ifthen.sty"
Package: ifthen 2014/09/29 v1.1c Standard LaTeX ifthen package (DPC)
)
("C:\Program Files (x86)\MiKTeX 2.9\tex\latex\fancyvrb\fancyvrb.sty"
Package: fancyvrb 2008/02/07

Style option: `fancyvrb' v2.7a, with DG/SPQR fixes, and firstline=lastline fix 
<2008/02/07> (tvz)
\FV@CodeLineNo=\count124
\FV@InFile=\read2
\FV@TabBox=\box42
\c@FancyVerbLine=\count125
\FV@StepNumber=\count126
\FV@OutFile=\write3
)
("C:\Program Files (x86)\MiKTeX 2.9\tex\latex\base\textcomp.sty"
Package: textcomp 2016/06/19 v1.99m Standard LaTeX package
Package textcomp Info: Sub-encoding information:
(textcomp)               5 = only ISO-Adobe without \textcurrency
(textcomp)               4 = 5 + \texteuro
(textcomp)               3 = 4 + \textohm
(textcomp)               2 = 3 + \textestimated + \textcurrency
(textcomp)               1 = TS1 - \textcircled - \t
(textcomp)               0 = TS1 (full)
(textcomp)             Font families with sub-encoding setting implement
(textcomp)             only a restricted character set as indicated.
(textcomp)             Family '?' is the default used for unknown fonts.
(textcomp)             See the documentation for details.
Package textcomp Info: Setting ? sub-encoding to TS1/1 on input line 79.

("C:\Program Files (x86)\MiKTeX 2.9\tex\latex\base\ts1enc.def"
File: ts1enc.def 2001/06/05 v3.0e (jk/car/fm) Standard LaTeX file
)
LaTeX Info: Redefining \oldstylenums on input line 334.
Package textcomp Info: Setting cmr sub-encoding to TS1/0 on input line 349.
Package textcomp Info: Setting cmss sub-encoding to TS1/0 on input line 350.
Package textcomp Info: Setting cmtt sub-encoding to TS1/0 on input line 351.
Package textcomp Info: Setting cmvtt sub-encoding to TS1/0 on input line 352.
Package textcomp Info: Setting cmbr sub-encoding to TS1/0 on input line 353.
Package textcomp Info: Setting cmtl sub-encoding to TS1/0 on input line 354.
Package textcomp Info: Setting ccr sub-encoding to TS1/0 on input line 355.
Package textcomp Info: Setting ptm sub-encoding to TS1/4 on input line 356.
Package textcomp Info: Setting pcr sub-encoding to TS1/4 on input line 357.
Package textcomp Info: Setting phv sub-encoding to TS1/4 on input line 358.
Package textcomp Info: Setting ppl sub-encoding to TS1/3 on input line 359.
Package textcomp Info: Setting pag sub-encoding to TS1/4 on input line 360.
Package textcomp Info: Setting pbk sub-encoding to TS1/4 on input line 361.
Package textcomp Info: Setting pnc sub-encoding to TS1/4 on input line 362.
Package textcomp Info: Setting pzc sub-encoding to TS1/4 on input line 363.
Package textcomp Info: Setting bch sub-encoding to TS1/4 on input line 364.
Package textcomp Info: Setting put sub-encoding to TS1/5 on input line 365.
Package textcomp Info: Setting uag sub-encoding to TS1/5 on input line 366.
Package textcomp Info: Setting ugq sub-encoding to TS1/5 on input line 367.
Package textcomp Info: Setting ul8 sub-encoding to TS1/4 on input line 368.
Package textcomp Info: Setting ul9 sub-encoding to TS1/4 on input line 369.
Package textcomp Info: Setting augie sub-encoding to TS1/5 on input line 370.
Package textcomp Info: Setting dayrom sub-encoding to TS1/3 on input line 371.
Package textcomp Info: Setting dayroms sub-encoding to TS1/3 on input line 372.

Package textcomp Info: Setting pxr sub-encoding to TS1/0 on input line 373.
Package textcomp Info: Setting pxss sub-encoding to TS1/0 on input line 374.
Package textcomp Info: Setting pxtt sub-encoding to TS1/0 on input line 375.
Package textcomp Info: Setting txr sub-encoding to TS1/0 on input line 376.
Package textcomp Info: Setting txss sub-encoding to TS1/0 on input line 377.
Package textcomp Info: Setting txtt sub-encoding to TS1/0 on input line 378.
Package textcomp Info: Setting lmr sub-encoding to TS1/0 on input line 379.
Package textcomp Info: Setting lmdh sub-encoding to TS1/0 on input line 380.
Package textcomp Info: Setting lmss sub-encoding to TS1/0 on input line 381.
Package textcomp Info: Setting lmssq sub-encoding to TS1/0 on input line 382.
Package textcomp Info: Setting lmvtt sub-encoding to TS1/0 on input line 383.
Package textcomp Info: Setting lmtt sub-encoding to TS1/0 on input line 384.
Package textcomp Info: Setting qhv sub-encoding to TS1/0 on input line 385.
Package textcomp Info: Setting qag sub-encoding to TS1/0 on input line 386.
Package textcomp Info: Setting qbk sub-encoding to TS1/0 on input line 387.
Package textcomp Info: Setting qcr sub-encoding to TS1/0 on input line 388.
Package textcomp Info: Setting qcs sub-encoding to TS1/0 on input line 389.
Package textcomp Info: Setting qpl sub-encoding to TS1/0 on input line 390.
Package textcomp Info: Setting qtm sub-encoding to TS1/0 on input line 391.
Package textcomp Info: Setting qzc sub-encoding to TS1/0 on input line 392.
Package textcomp Info: Setting qhvc sub-encoding to TS1/0 on input line 393.
Package textcomp Info: Setting futs sub-encoding to TS1/4 on input line 394.
Package textcomp Info: Setting futx sub-encoding to TS1/4 on input line 395.
Package textcomp Info: Setting futj sub-encoding to TS1/4 on input line 396.
Package textcomp Info: Setting hlh sub-encoding to TS1/3 on input line 397.
Package textcomp Info: Setting hls sub-encoding to TS1/3 on input line 398.
Package textcomp Info: Setting hlst sub-encoding to TS1/3 on input line 399.
Package textcomp Info: Setting hlct sub-encoding to TS1/5 on input line 400.
Package textcomp Info: Setting hlx sub-encoding to TS1/5 on input line 401.
Package textcomp Info: Setting hlce sub-encoding to TS1/5 on input line 402.
Package textcomp Info: Setting hlcn sub-encoding to TS1/5 on input line 403.
Package textcomp Info: Setting hlcw sub-encoding to TS1/5 on input line 404.
Package textcomp Info: Setting hlcf sub-encoding to TS1/5 on input line 405.
Package textcomp Info: Setting pplx sub-encoding to TS1/3 on input line 406.
Package textcomp Info: Setting pplj sub-encoding to TS1/3 on input line 407.
Package textcomp Info: Setting ptmx sub-encoding to TS1/4 on input line 408.
Package textcomp Info: Setting ptmj sub-encoding to TS1/4 on input line 409.
))
.................................................
. fontspec info: "no-scripts"
. 
. Font arial_geo does not contain any OpenType `Script' information.
.................................................
\g__fontspec_family_arial_geo_int=\count127
.................................................
. fontspec info: "defining-font"
. 
. Font family 'arial_geo(0)' created for font 'arial_geo' with options
. [Ligatures=TeX,Extension=.ttf,UprightFont={*},BoldFont =
. {arial_geo-bold},ItalicFont = {arial_geo-italic},BoldItalicFont =
. {arial_geo-bold-italic}].
. 
. This font family consists of the following NFSS series/shapes:
. - 'normal' (m/n) with NFSS spec.: <->"[arial_geo.ttf]/OT:mapping=tex-text;"
. - 'small caps'  (m/sc) with NFSS spec.: - 'bold' (bx/n) with NFSS spec.:
. <->"[arial_geo-bold.ttf]/OT:mapping=tex-text;"
. - 'bold small caps'  (bx/sc) with NFSS spec.: - 'italic' (m/it) with NFSS
. spec.: <->"[arial_geo-italic.ttf]/OT:mapping=tex-text;"
. - 'italic small caps'  (m/itsc) with NFSS spec.: - 'bold italic' (bx/it)
. with NFSS spec.: <->"[arial_geo-bold-italic.ttf]/OT:mapping=tex-text;"
. - 'bold italic small caps'  (bx/itsc) with NFSS spec.: 
.................................................

("C:\Program Files (x86)\MiKTeX 2.9\tex\latex\hyperref\hyperref.sty"
Package: hyperref 2016/06/24 v6.83q Hypertext links for LaTeX

("C:\Program Files (x86)\MiKTeX 2.9\tex\generic\oberdiek\hobsub-hyperref.sty"
Package: hobsub-hyperref 2016/05/16 v1.14 Bundle oberdiek, subset hyperref (HO)


("C:\Program Files (x86)\MiKTeX 2.9\tex\generic\oberdiek\hobsub-generic.sty"
Package: hobsub-generic 2016/05/16 v1.14 Bundle oberdiek, subset generic (HO)
Package: hobsub 2016/05/16 v1.14 Construct package bundles (HO)
Package: infwarerr 2016/05/16 v1.4 Providing info/warning/error messages (HO)
Package: ltxcmds 2016/05/16 v1.23 LaTeX kernel commands for general use (HO)
Package: ifluatex 2016/05/16 v1.4 Provides the ifluatex switch (HO)
Package ifluatex Info: LuaTeX not detected.
Package hobsub Info: Skipping package `ifvtex' (already loaded).
Package: intcalc 2016/05/16 v1.2 Expandable calculations with integers (HO)
Package hobsub Info: Skipping package `ifpdf' (already loaded).
Package: etexcmds 2016/05/16 v1.6 Avoid name clashes with e-TeX commands (HO)
Package etexcmds Info: Could not find \expanded.
(etexcmds)             That can mean that you are not using pdfTeX 1.50 or
(etexcmds)             that some package has redefined \expanded.
(etexcmds)             In the latter case, load this package earlier.
Package: kvsetkeys 2016/05/16 v1.17 Key value parser (HO)
Package: kvdefinekeys 2016/05/16 v1.4 Define keys (HO)
Package: pdftexcmds 2016/05/21 v0.22 Utility functions of pdfTeX for LuaTeX (HO
)
Package pdftexcmds Info: LuaTeX not detected.
Package pdftexcmds Info: pdfTeX >= 1.30 not detected.
Package pdftexcmds Info: \pdf@primitive is available.
Package pdftexcmds Info: \pdf@ifprimitive is available.
Package pdftexcmds Info: \pdfdraftmode not found.
Package: pdfescape 2016/05/16 v1.14 Implements pdfTeX's escape features (HO)
Package: bigintcalc 2016/05/16 v1.4 Expandable calculations on big integers (HO
)
Package: bitset 2016/05/16 v1.2 Handle bit-vector datatype (HO)
Package: uniquecounter 2016/05/16 v1.3 Provide unlimited unique counter (HO)
)
Package hobsub Info: Skipping package `hobsub' (already loaded).
Package: letltxmacro 2016/05/16 v1.5 Let assignment for LaTeX macros (HO)
Package: hopatch 2016/05/16 v1.3 Wrapper for package hooks (HO)
Package: xcolor-patch 2016/05/16 xcolor patch
Package: atveryend 2016/05/16 v1.9 Hooks at the very end of document (HO)
Package atveryend Info: \enddocument detected (standard20110627).
Package: atbegshi 2016/06/09 v1.18 At begin shipout hook (HO)
Package: refcount 2016/05/16 v3.5 Data extraction from label references (HO)
Package: hycolor 2016/05/16 v1.8 Color options for hyperref/bookmark (HO)
)
("C:\Program Files (x86)\MiKTeX 2.9\tex\latex\oberdiek\auxhook.sty"
Package: auxhook 2016/05/16 v1.4 Hooks for auxiliary files (HO)
)
("C:\Program Files (x86)\MiKTeX 2.9\tex\latex\oberdiek\kvoptions.sty"
Package: kvoptions 2016/05/16 v3.12 Key value format for package options (HO)
)
\@linkdim=\dimen148
\Hy@linkcounter=\count128
\Hy@pagecounter=\count129

("C:\Program Files (x86)\MiKTeX 2.9\tex\latex\hyperref\pd1enc.def"
File: pd1enc.def 2016/06/24 v6.83q Hyperref: PDFDocEncoding definition (HO)
)
\Hy@SavedSpaceFactor=\count130

("C:\Program Files (x86)\MiKTeX 2.9\tex\latex\00miktex\hyperref.cfg"
File: hyperref.cfg 2002/06/06 v1.2 hyperref configuration of TeXLive
)
Package hyperref Info: Hyper figures OFF on input line 4486.
Package hyperref Info: Link nesting OFF on input line 4491.
Package hyperref Info: Hyper index ON on input line 4494.
Package hyperref Info: Plain pages OFF on input line 4501.
Package hyperref Info: Backreferencing OFF on input line 4506.
Package hyperref Info: Implicit mode ON; LaTeX internals redefined.
Package hyperref Info: Bookmarks ON on input line 4735.
\c@Hy@tempcnt=\count131

("C:\Program Files (x86)\MiKTeX 2.9\tex\latex\url\url.sty"
\Urlmuskip=\muskip16
Package: url 2013/09/16  ver 3.4  Verb mode for urls, etc.
)
LaTeX Info: Redefining \url on input line 5088.
\XeTeXLinkMargin=\dimen149
\Fld@menulength=\count132
\Field@Width=\dimen150
\Fld@charsize=\dimen151
Package hyperref Info: Hyper figures OFF on input line 6342.
Package hyperref Info: Link nesting OFF on input line 6347.
Package hyperref Info: Hyper index ON on input line 6350.
Package hyperref Info: backreferencing OFF on input line 6357.
Package hyperref Info: Link coloring OFF on input line 6362.
Package hyperref Info: Link coloring with OCG OFF on input line 6367.
Package hyperref Info: PDF/A mode OFF on input line 6372.
LaTeX Info: Redefining \ref on input line 6412.
LaTeX Info: Redefining \pageref on input line 6416.
\Hy@abspage=\count133
\c@Item=\count134
\c@Hfootnote=\count135
)

Package hyperref Message: Driver (autodetected): hxetex.

("C:\Program Files (x86)\MiKTeX 2.9\tex\latex\hyperref\hxetex.def"
File: hxetex.def 2016/06/24 v6.83q Hyperref driver for XeTeX

("C:\Program Files (x86)\MiKTeX 2.9\tex\latex\hyperref\puenc.def"
File: puenc.def 2016/06/24 v6.83q Hyperref: PDF Unicode definition (HO)
)
("C:\Program Files (x86)\MiKTeX 2.9\tex\generic\oberdiek\stringenc.sty"
Package: stringenc 2016/05/16 v1.11 Convert strings between diff. encodings (HO
)
)
\pdfm@box=\box43
\c@Hy@AnnotLevel=\count136
\HyField@AnnotCount=\count137
\Fld@listcount=\count138
\c@bookmark@seq@number=\count139

("C:\Program Files (x86)\MiKTeX 2.9\tex\latex\oberdiek\rerunfilecheck.sty"
Package: rerunfilecheck 2016/05/16 v1.8 Rerun checks for auxiliary files (HO)
Package rerunfilecheck Info: Feature \pdfmdfivesum is not available
(rerunfilecheck)             (e.g. pdfTeX or LuaTeX with package `pdftexcmds').

(rerunfilecheck)             Therefore file contents cannot be checked efficien
tly
(rerunfilecheck)             and the loading of the package is aborted.
)
\Hy@SectionHShift=\skip49
)
Package hyperref Info: Option `colorlinks' set `true' on input line 22.

(lab1.tex.aux)
\openout1 = `lab1.tex.aux'.

LaTeX Font Info:    Checking defaults for OML/cmm/m/it on input line 27.
LaTeX Font Info:    ... okay on input line 27.
LaTeX Font Info:    Checking defaults for T1/cmr/m/n on input line 27.
LaTeX Font Info:    ... okay on input line 27.
LaTeX Font Info:    Checking defaults for OT1/cmr/m/n on input line 27.
LaTeX Font Info:    ... okay on input line 27.
LaTeX Font Info:    Checking defaults for OMS/cmsy/m/n on input line 27.
LaTeX Font Info:    ... okay on input line 27.
LaTeX Font Info:    Checking defaults for OMX/cmex/m/n on input line 27.
LaTeX Font Info:    ... okay on input line 27.
LaTeX Font Info:    Checking defaults for U/cmr/m/n on input line 27.
LaTeX Font Info:    ... okay on input line 27.
LaTeX Font Info:    Checking defaults for EU1/lmr/m/n on input line 27.
LaTeX Font Info:    ... okay on input line 27.
LaTeX Font Info:    Checking defaults for T3/cmr/m/n on input line 27.
LaTeX Font Info:    Try loading font information for T3+cmr on input line 27.
 ("C:\Program Files (x86)\MiKTeX 2.9\tex\latex\tipa\t3cmr.fd"
File: t3cmr.fd 2001/12/31 TIPA font definitions
)
LaTeX Font Info:    ... okay on input line 27.
LaTeX Font Info:    Checking defaults for TS1/cmr/m/n on input line 27.
LaTeX Font Info:    Try loading font information for TS1+cmr on input line 27.

("C:\Program Files (x86)\MiKTeX 2.9\tex\latex\base\ts1cmr.fd"
File: ts1cmr.fd 2014/09/29 v2.5h Standard LaTeX font definitions
)
LaTeX Font Info:    ... okay on input line 27.
LaTeX Font Info:    Checking defaults for PD1/pdf/m/n on input line 27.
LaTeX Font Info:    ... okay on input line 27.
LaTeX Font Info:    Checking defaults for PU/pdf/m/n on input line 27.
LaTeX Font Info:    ... okay on input line 27.

*** you should *not* be loading the inputenc package
*** XeTeX expects the source to be in UTF8 encoding
*** some features of other encodings may conflict, resulting in poor output.
.................................................
. fontspec info: "setup-math"
. 
. Adjusting the maths setup (use [no-math] to avoid this).
.................................................
\symlegacymaths=\mathgroup4
LaTeX Font Info:    Overwriting symbol font `legacymaths' in version `bold'
(Font)                  OT1/cmr/m/n --> OT1/cmr/bx/n on input line 27.
LaTeX Font Info:    Redeclaring math accent \acute on input line 27.
LaTeX Font Info:    Redeclaring math accent \grave on input line 27.
LaTeX Font Info:    Redeclaring math accent \ddot on input line 27.
LaTeX Font Info:    Redeclaring math accent \tilde on input line 27.
LaTeX Font Info:    Redeclaring math accent \bar on input line 27.
LaTeX Font Info:    Redeclaring math accent \breve on input line 27.
LaTeX Font Info:    Redeclaring math accent \check on input line 27.
LaTeX Font Info:    Redeclaring math accent \hat on input line 27.
LaTeX Font Info:    Redeclaring math accent \dot on input line 27.
LaTeX Font Info:    Redeclaring math accent \mathring on input line 27.
LaTeX Font Info:    Redeclaring math symbol \colon on input line 27.
LaTeX Font Info:    Redeclaring math symbol \Gamma on input line 27.
LaTeX Font Info:    Redeclaring math symbol \Delta on input line 27.
LaTeX Font Info:    Redeclaring math symbol \Theta on input line 27.
LaTeX Font Info:    Redeclaring math symbol \Lambda on input line 27.
LaTeX Font Info:    Redeclaring math symbol \Xi on input line 27.
LaTeX Font Info:    Redeclaring math symbol \Pi on input line 27.
LaTeX Font Info:    Redeclaring math symbol \Sigma on input line 27.
LaTeX Font Info:    Redeclaring math symbol \Upsilon on input line 27.
LaTeX Font Info:    Redeclaring math symbol \Phi on input line 27.
LaTeX Font Info:    Redeclaring math symbol \Psi on input line 27.
LaTeX Font Info:    Redeclaring math symbol \Omega on input line 27.
LaTeX Font Info:    Redeclaring math symbol \mathdollar on input line 27.
LaTeX Font Info:    Redeclaring symbol font `operators' on input line 27.
LaTeX Font Info:    Encoding `OT1' has changed to `EU1' for symbol font
(Font)              `operators' in the math version `normal' on input line 27.
LaTeX Font Info:    Overwriting symbol font `operators' in version `normal'
(Font)                  OT1/cmr/m/n --> EU1/arial_geo(0)/m/n on input line 27.
LaTeX Font Info:    Encoding `OT1' has changed to `EU1' for symbol font
(Font)              `operators' in the math version `bold' on input line 27.
LaTeX Font Info:    Overwriting symbol font `operators' in version `bold'
(Font)                  OT1/cmr/bx/n --> EU1/arial_geo(0)/m/n on input line 27.

LaTeX Font Info:    Overwriting symbol font `operators' in version `normal'
(Font)                  EU1/arial_geo(0)/m/n --> EU1/arial_geo(0)/m/n on input 
line 27.
LaTeX Font Info:    Overwriting math alphabet `\mathit' in version `normal'
(Font)                  OT1/cmr/m/it --> EU1/arial_geo(0)/m/it on input line 27
.
LaTeX Font Info:    Overwriting math alphabet `\mathbf' in version `normal'
(Font)                  OT1/cmr/bx/n --> EU1/arial_geo(0)/bx/n on input line 27
.
LaTeX Font Info:    Overwriting math alphabet `\mathsf' in version `normal'
(Font)                  OT1/cmss/m/n --> EU1/lmss/m/n on input line 27.
LaTeX Font Info:    Overwriting math alphabet `\mathtt' in version `normal'
(Font)                  OT1/cmtt/m/n --> EU1/lmtt/m/n on input line 27.
LaTeX Font Info:    Overwriting symbol font `operators' in version `bold'
(Font)                  EU1/arial_geo(0)/m/n --> EU1/arial_geo(0)/bx/n on input
 line 27.
LaTeX Font Info:    Overwriting math alphabet `\mathit' in version `bold'
(Font)                  OT1/cmr/bx/it --> EU1/arial_geo(0)/bx/it on input line 
27.
LaTeX Font Info:    Overwriting math alphabet `\mathsf' in version `bold'
(Font)                  OT1/cmss/bx/n --> EU1/lmss/bx/n on input line 27.
LaTeX Font Info:    Overwriting math alphabet `\mathtt' in version `bold'
(Font)                  OT1/cmtt/m/n --> EU1/lmtt/bx/n on input line 27.
*geometry* detected driver: pdftex
*geometry* verbose mode - [ preamble ] result:
* driver: pdftex
* paper: <default>
* layout: <same size as paper>
* layoutoffset:(h,v)=(0.0pt,0.0pt)
* modes: 
* h-part:(L,W,R)=(92.14519pt, 430.00462pt, 92.14519pt)
* v-part:(T,H,B)=(95.39737pt, 556.47656pt, 143.09605pt)
* \paperwidth=614.295pt
* \paperheight=794.96999pt
* \textwidth=430.00462pt
* \textheight=556.47656pt
* \oddsidemargin=19.8752pt
* \evensidemargin=19.8752pt
* \topmargin=-13.87262pt
* \headheight=12.0pt
* \headsep=25.0pt
* \topskip=10.0pt
* \footskip=30.0pt
* \marginparwidth=65.0pt
* \marginparsep=11.0pt
* \columnsep=10.0pt
* \skip\footins=9.0pt plus 4.0pt minus 2.0pt
* \hoffset=0.0pt
* \voffset=0.0pt
* \mag=1000
* \@twocolumnfalse
* \@twosidefalse
* \@mparswitchfalse
* \@reversemarginfalse
* (1in=72.27pt=25.4mm, 1cm=28.453pt)

\AtBeginShipoutBox=\box44
("C:\Program Files (x86)\MiKTeX 2.9\tex\latex\graphics\color.sty"
Package: color 2016/06/02 v1.1d Standard LaTeX Color (DPC)
LaTeX Info: Redefining \color on input line 86.

("C:\Program Files (x86)\MiKTeX 2.9\tex\latex\00miktex\color.cfg"
File: color.cfg 2016/01/02 v1.6 sample color configuration
)
Package color Info: Driver file: xetex.def on input line 147.
)
Package hyperref Info: Link coloring ON on input line 27.

("C:\Program Files (x86)\MiKTeX 2.9\tex\latex\hyperref\nameref.sty"
Package: nameref 2016/05/21 v2.44 Cross-referencing by name of section

("C:\Program Files (x86)\MiKTeX 2.9\tex\generic\oberdiek\gettitlestring.sty"
Package: gettitlestring 2016/05/16 v1.5 Cleanup title references (HO)
)
\c@section@level=\count140
)
LaTeX Info: Redefining \ref on input line 27.
LaTeX Info: Redefining \pageref on input line 27.
LaTeX Info: Redefining \nameref on input line 27.

(lab1.tex.out) (lab1.tex.out)
\@outlinefile=\write4
\openout4 = `lab1.tex.out'.


Overfull \hbox (584.50343pt too wide) in paragraph at lines 29--29
 \EU1/arial_geo(0)/m/n/17.28 <U+10DA><U+10D0><U+10D1><U+10DD><U+10E0><U+10D0><U
+10E2><U+10DD><U+10E0><U+10E3><U+10DA><U+10D8> 
 []


Overfull \hbox (160.35878pt too wide) in paragraph at lines 29--29
 \EU1/arial_geo(0)/m/n/17.28 <U+10E1><U+10D0><U+10DB><U+10E3><U+10E8><U+10D0><U
+10DD> 
 []


Overfull \hbox (242.50624pt too wide) in paragraph at lines 29--29
 \EU1/arial_geo(0)/m/n/17.28 <U+10E8><U+10D4><U+10E1><U+10D0><U+10D5><U+10D0><U
+10DA><U+10D8> 
 []


Overfull \hbox (245.37502pt too wide) in paragraph at lines 29--29
 \EU1/arial_geo(0)/m/n/17.28 <U+10D2><U+10D0><U+10E0><U+10D4><U+10DB><U+10DD><U
+10E8><U+10D8> 
 []

LaTeX Font Info:    External font `cmex10' loaded for size
(Font)              <12> on input line 29.
LaTeX Font Info:    External font `cmex10' loaded for size
(Font)              <8> on input line 29.
LaTeX Font Info:    External font `cmex10' loaded for size
(Font)              <6> on input line 29.

LaTeX Warning: No \author given.


Overfull \hbox (387.42868pt too wide) in paragraph at lines 31--32
[]\EU1/arial_geo(0)/m/n/10 <U+10E8><U+10D4><U+10E1><U+10D0><U+10D5><U+10D0><U+1
0DA><U+10D8> R-<U+10D2><U+10D0><U+10E0><U+10D4><U+10DB><U+10DD><U+10E8><U+10D8>
 
 []


Overfull \hbox (293.45895pt too wide) in paragraph at lines 32--33
[]\EU1/arial_geo(0)/m/n/10 R-<U+10D8><U+10E1> <U+10DB><U+10DD><U+10DB><U+10EE><
U+10DB><U+10D0><U+10E0><U+10D4><U+10D1><U+10DA><U+10D8><U+10E1>
 []


Overfull \hbox (32.27568pt too wide) in paragraph at lines 32--33
\EU1/arial_geo(0)/m/n/10 <U+10D2><U+10E0><U+10D0><U+10E4><U+10D8><U+10D9><U+10E
3><U+10DA><U+10D8>
 []


Overfull \hbox (293.45895pt too wide) in paragraph at lines 33--34
[]\EU1/arial_geo(0)/m/n/10 R-<U+10D8><U+10E1> <U+10DB><U+10DD><U+10DB><U+10EE><
U+10DB><U+10D0><U+10E0><U+10D4><U+10D1><U+10DA><U+10D8><U+10E1>
 []


Overfull \hbox (32.27568pt too wide) in paragraph at lines 33--34
\EU1/arial_geo(0)/m/n/10 <U+10D2><U+10E0><U+10D0><U+10E4><U+10D8><U+10D9><U+10E
3><U+10DA><U+10D8>
 []


Overfull \hbox (328.22946pt too wide) in paragraph at lines 33--34
\EU1/arial_geo(0)/m/n/10 <U+10D2><U+10D0><U+10E0><U+10D4><U+10DB><U+10DD><U+10E
1> <U+10EB><U+10D8><U+10E0><U+10D8><U+10D7><U+10D0><U+10D3><U+10D8>
 []


Overfull \hbox (84.79521pt too wide) in paragraph at lines 33--34
\EU1/arial_geo(0)/m/n/10 <U+10D4><U+10DA><U+10D4><U+10DB><U+10D4><U+10DC><U+10E
2><U+10D4><U+10D1><U+10D8> 
 []


Overfull \hbox (91.4749pt too wide) in paragraph at lines 34--35
[]\EU1/arial_geo(0)/m/n/10 R-<U+10DB><U+10D0><U+10E0><U+10D9><U+10D8><U+10E0><U
+10D4><U+10D1><U+10D8><U+10E1>
 []


Overfull \hbox (84.24345pt too wide) in paragraph at lines 34--35
\EU1/arial_geo(0)/m/n/10 <U+10D3><U+10DD><U+10D9><U+10E3><U+10DB><U+10D4><U+10D
C><U+10E2><U+10D8><U+10E1>
 []


Overfull \hbox (580.89548pt too wide) in paragraph at lines 35--36
[]\EU1/arial_geo(0)/m/n/10 „<U+10EC><U+10D8><U+10D2><U+10DC><U+10D8><U+10D4><U+
10E0><U+10D8> <U+10DE><U+10E0><U+10DD><U+10D2><U+10E0><U+10D0><U+10DB><U+10D8><
U+10E0><U+10D4><U+10D1><U+10D0>”
 []


Overfull \hbox (181.17868pt too wide) in paragraph at lines 35--36
\EU1/arial_geo(0)/m/n/10 <U+10D3><U+10D0> <U+10DE><U+10E0><U+10DD><U+10D4><U+10
E5><U+10E2><U+10D4><U+10D1><U+10D8><U+10E1>
 []


Overfull \hbox (132.33427pt too wide) in paragraph at lines 35--36
\EU1/arial_geo(0)/m/n/10 <U+10DD><U+10E0><U+10D2><U+10D0><U+10DC><U+10D8><U+10D
6><U+10D4><U+10D1><U+10D8><U+10E1>
 []


Overfull \hbox (228.16599pt too wide) in paragraph at lines 35--36
\EU1/arial_geo(0)/m/n/10 <U+10D9><U+10D0><U+10E0><U+10D2><U+10D8> <U+10DE><U+10
E0><U+10D0><U+10E5><U+10E2><U+10D8><U+10D9><U+10D0> 
 []


Overfull \hbox (275.3279pt too wide) in paragraph at lines 38--38
[][]\EU1/arial_geo(0)/bx/n/14.4 <U+10D8><U+10DC><U+10E1><U+10E2><U+10E0><U+10E3
><U+10E5><U+10EA><U+10D8><U+10D0>: 
 []

LaTeX Font Info:    External font `cmex10' loaded for size
(Font)              <7> on input line 40.
LaTeX Font Info:    External font `cmex10' loaded for size
(Font)              <5> on input line 40.

Overfull \hbox (256.04518pt too wide) in paragraph at lines 40--41
\EU1/arial_geo(0)/m/n/10 <U+10D7><U+10D0><U+10DC><U+10DB><U+10D8><U+10DB><U+10D
3><U+10D4><U+10D5><U+10E0><U+10DD><U+10D1><U+10D8><U+10D7>
 []


Overfull \hbox (6.72389pt too wide) in paragraph at lines 40--41
\EU1/arial_geo(0)/m/n/10 <U+10E8><U+10D4><U+10D0><U+10E1><U+10E0><U+10E3><U+10D
A><U+10D4><U+10D7>
 []


Overfull \hbox (58.13503pt too wide) in paragraph at lines 40--41
\EU1/arial_geo(0)/m/n/10 <U+10DB><U+10D8><U+10D7><U+10D8><U+10D7><U+10D4><U+10D
1><U+10E3><U+10DA><U+10D8>
 []


Overfull \hbox (15.5862pt too wide) in paragraph at lines 40--41
\EU1/arial_geo(0)/m/n/10 <U+10D0><U+10DB><U+10DD><U+10EA><U+10D0><U+10DC><U+10D
4><U+10D1><U+10D8>.
 []


Overfull \hbox (130.93556pt too wide) in paragraph at lines 40--41
\EU1/arial_geo(0)/m/n/10 <U+10D7><U+10E5><U+10D5><U+10D4><U+10DC><U+10E1> $\OML
/cmm/m/it/10 :rmd$ \EU1/arial_geo(0)/m/n/10 <U+10E4><U+10D0><U+10D8><U+10DA><U+
10E1>
 []


Overfull \hbox (108.99928pt too wide) in paragraph at lines 40--41
\EU1/arial_geo(0)/m/n/10 <U+10E1><U+10D0><U+10EE><U+10D4><U+10DA><U+10EC><U+10D
D><U+10D3><U+10D4><U+10D1><U+10D0>
 []


Overfull \hbox (305.9931pt too wide) in paragraph at lines 40--41
\EU1/arial_geo(0)/m/n/10 <U+10DB><U+10D8><U+10D0><U+10DC><U+10D8><U+10ED><U+10D
4><U+10D7> <U+10E8><U+10D4><U+10DB><U+10D3><U+10D4><U+10D2><U+10D8>
 []


Overfull \hbox (161.16888pt too wide) in paragraph at lines 40--41
\EU1/arial_geo(0)/m/n/10 <U+10E4><U+10DD><U+10E0><U+10DB><U+10D8><U+10D7>: <U+1
0D7><U+10E5><U+10D5><U+10D4><U+10DC><U+10D8>
 []


Overfull \hbox (299.3329pt too wide) in paragraph at lines 40--41
\EU1/arial_geo(0)/m/n/10 <U+10D2><U+10D5><U+10D0><U+10E0><U+10D8>$[]\OML/cmm/m/
it/10 ab\OT1/cmr/m/n/10 1\OML/cmm/m/it/10 :rmd$\EU1/arial_geo(0)/m/n/10 . <U+10
DB><U+10D0><U+10D2><U+10D0><U+10DA><U+10D8><U+10D7><U+10D0><U+10D3>: 
 []

("C:\Program Files (x86)\MiKTeX 2.9\tex\generic\oberdiek\se-ascii-print.def"
File: se-ascii-print.def 2016/05/16 v1.11 stringenc: Printable ASCII characters

)
[1

]
Overfull \hbox (277.70442pt too wide) in paragraph at lines 43--43
[][]\EU1/arial_geo(0)/bx/n/14.4 <U+10D3><U+10D0><U+10D5><U+10D0><U+10DA><U+10D4
><U+10D1><U+10D4><U+10D1><U+10D8>: 
 []


Overfull \hbox (37.67897pt too wide) in paragraph at lines 45--45
[][]\EU1/arial_geo(0)/bx/n/12 <U+10E4><U+10D0><U+10D8><U+10DA><U+10D4><U+10D1><
U+10D8><U+10E1>
 []


Overfull \hbox (97.61647pt too wide) in paragraph at lines 45--45
\EU1/arial_geo(0)/bx/n/12 <U+10E1><U+10D8><U+10E1><U+10E2><U+10D4><U+10DB><U+10
D0> <U+10D3><U+10D0>
 []


Overfull \hbox (102.70631pt too wide) in paragraph at lines 45--45
\EU1/arial_geo(0)/bx/n/12 <U+10DC><U+10D0><U+10D5><U+10D8><U+10D2><U+10D0><U+10
EA><U+10D8><U+10D0>: 
 []


Overfull \hbox (110.30951pt too wide) in paragraph at lines 47--48
\EU1/arial_geo(0)/m/n/10 <U+10DE><U+10D8><U+10E0><U+10D5><U+10D4><U+10DA> <U+10
E0><U+10D8><U+10D2><U+10E8><U+10D8>,
 []


Overfull \hbox (304.33783pt too wide) in paragraph at lines 47--48
\EU1/arial_geo(0)/m/n/10 <U+10E8><U+10D4><U+10E5><U+10DB><U+10D4><U+10DC><U+10D
8><U+10D7> <U+10E1><U+10D0><U+10DB><U+10E3><U+10E8><U+10D0><U+10DD>
 []


Overfull \hbox (55.92311pt too wide) in paragraph at lines 47--48
\EU1/arial_geo(0)/m/n/10 <U+10D3><U+10D8><U+10E0><U+10D4><U+10E5><U+10E2><U+10D
D><U+10E0><U+10D8><U+10D0>
 []


Overfull \hbox (403.85931pt too wide) in paragraph at lines 47--48
\EU1/arial_geo(0)/m/n/10 <U+10D7><U+10E5><U+10D5><U+10D4><U+10DC><U+10E1> <U+10
D9><U+10DD><U+10DB><U+10DE><U+10D8><U+10E3><U+10E2><U+10D4><U+10E0><U+10E8><U+1
0D8>.
 []


Overfull \hbox (206.68321pt too wide) in paragraph at lines 47--48
\EU1/arial_geo(0)/m/n/10 <U+10E0><U+10D0><U+10EE><U+10D0><U+10DC> <U+10D0><U+10
DB> <U+10D9><U+10E3><U+10E0><U+10E1><U+10D8><U+10E1>
 []


Overfull \hbox (7.27565pt too wide) in paragraph at lines 47--48
\EU1/arial_geo(0)/m/n/10 <U+10E4><U+10D0><U+10E0><U+10D2><U+10DA><U+10D4><U+10D
1><U+10E8><U+10D8>
 []


Overfull \hbox (206.48627pt too wide) in paragraph at lines 47--48
\EU1/arial_geo(0)/m/n/10 <U+10D7><U+10D8><U+10D7><U+10E5><U+10DB><U+10D8><U+10E
1> <U+10E7><U+10DD><U+10D5><U+10D4><U+10DA><U+10D8>
 []


Overfull \hbox (205.38275pt too wide) in paragraph at lines 47--48
\EU1/arial_geo(0)/m/n/10 <U+10DA><U+10D4><U+10E5><U+10EA><U+10D8><U+10D8><U+10E
1> <U+10E8><U+10D4><U+10DB><U+10D3><U+10D4><U+10D2>
 []


Overfull \hbox (56.47975pt too wide) in paragraph at lines 47--48
\EU1/arial_geo(0)/m/n/10 <U+10DE><U+10E0><U+10D0><U+10E5><U+10E2><U+10D8><U+10D
9><U+10E3><U+10DA><U+10D8>
 []


Overfull \hbox (747.1601pt too wide) in paragraph at lines 47--48
\EU1/arial_geo(0)/m/n/10 <U+10E1><U+10D0><U+10DB><U+10E3><U+10E8><U+10D0><U+10D
D><U+10D0> <U+10D2><U+10D0><U+10D7><U+10D5><U+10D0><U+10DA><U+10D8><U+10E1><U+1
0EC><U+10D8><U+10DC><U+10D4><U+10D1><U+10E3><U+10DA><U+10D8>,
 []


Overfull \hbox (446.40814pt too wide) in paragraph at lines 47--48
\EU1/arial_geo(0)/m/n/10 <U+10E8><U+10D4><U+10E5><U+10DB><U+10D4><U+10DC><U+10D
8><U+10D7> <U+10D9><U+10E3><U+10E0><U+10E1><U+10D8><U+10E1><U+10D7><U+10D5><U+1
0D8><U+10E1>
 []


Overfull \hbox (161.72552pt too wide) in paragraph at lines 47--48
\EU1/arial_geo(0)/m/n/10 <U+10EA><U+10D0><U+10DA><U+10D9><U+10D4> <U+10E4><U+10
DD><U+10DA><U+10D3><U+10D4><U+10E0><U+10D8>,
 []


Overfull \hbox (71.7805pt too wide) in paragraph at lines 47--48
\EU1/arial_geo(0)/m/n/10 <U+10E1><U+10D0><U+10EE><U+10D4><U+10DA><U+10D0><U+10D
3> $[]\OML/cmm/m/it/10 intro[]tats[][]$\EU1/arial_geo(0)/m/n/10 . <U+10D0><U+10
DB>
 []


Overfull \hbox (351.87689pt too wide) in paragraph at lines 47--48
\EU1/arial_geo(0)/m/n/10 <U+10E4><U+10DD><U+10DA><U+10D3><U+10D4><U+10E0><U+10E
8><U+10D8> <U+10D3><U+10D0><U+10D0><U+10DB><U+10D0><U+10E2><U+10D4><U+10D7>
 []


Overfull \hbox (60.91335pt too wide) in paragraph at lines 47--48
\EU1/arial_geo(0)/m/n/10 <U+10E5><U+10D5><U+10D4>-<U+10E4><U+10DD><U+10DA><U+10
D3><U+10D4><U+10E0><U+10D8>
 []


Overfull \hbox (185.82199pt too wide) in paragraph at lines 47--48
[]\OML/cmm/m/it/10 lab[][]$\EU1/arial_geo(0)/m/n/10 , <U+10E1><U+10D0><U+10D3><
U+10D0><U+10EA> <U+10DE><U+10D8><U+10E0><U+10D5><U+10D4><U+10DA><U+10D8>
 []


Overfull \hbox (205.74245pt too wide) in paragraph at lines 47--48
\EU1/arial_geo(0)/m/n/10 <U+10DA><U+10D0><U+10D1><U+10DD><U+10E0><U+10D0><U+10E
2><U+10DD><U+10E0><U+10D8><U+10E3><U+10DA><U+10D8>
 []


Overfull \hbox (351.88177pt too wide) in paragraph at lines 47--48
\EU1/arial_geo(0)/m/n/10 <U+10E1><U+10D0><U+10DB><U+10E3><U+10E8><U+10D0><U+10D
D><U+10E1> <U+10DB><U+10D0><U+10E1><U+10D0><U+10DA><U+10D4><U+10D1><U+10E1>
 []


Overfull \hbox (12.26588pt too wide) in paragraph at lines 47--48
\EU1/arial_geo(0)/m/n/10 <U+10E8><U+10D4><U+10D8><U+10DC><U+10D0><U+10EE><U+10D
0><U+10D5><U+10D7>. 
 []

File: img/new_menu.PNG Graphic file (type QTm)
<use  "img/new_menu.PNG" >
Overfull \hbox (142.90067pt too wide) in paragraph at lines 52--52
[]\EU1/arial_geo(0)/m/n/10 სურ. 1: []<U+10D0><U+10EE><U+10D0><U+10DA><U+10D8> <
U+10E4><U+10D0><U+10D8><U+10DA><U+10D8><U+10E1>
 []


LaTeX Warning: `h' float specifier changed to `ht'.


Overfull \hbox (16.59857pt too wide) in paragraph at lines 56--57
[]\EU1/arial_geo(0)/m/n/10 <U+10D2><U+10D0><U+10EE><U+10E1><U+10D4><U+10DC><U+1
0D8><U+10D7> R-Studio
 []


Overfull \hbox (59.98724pt too wide) in paragraph at lines 56--57
\EU1/arial_geo(0)/m/n/10 <U+10D3><U+10D0> <U+10E8><U+10D4><U+10E5><U+10DB><U+10
D4><U+10DC><U+10D8><U+10D7>
 []


Overfull \hbox (23.35963pt too wide) in paragraph at lines 56--57
\EU1/arial_geo(0)/m/n/10 R-<U+10D1><U+10DA><U+10DD><U+10D9><U+10DC><U+10DD><U+1
0E2><U+10D8><U+10E1>
 []


Overfull \hbox (63.3222pt too wide) in paragraph at lines 56--57
\EU1/arial_geo(0)/m/n/10 <U+10D0><U+10EE><U+10D0><U+10DA><U+10D8> <U+10E4><U+10
D0><U+10D8><U+10DA><U+10D8>.
 []


Overfull \hbox (252.92181pt too wide) in paragraph at lines 56--57
\EU1/arial_geo(0)/m/n/10 <U+10D3><U+10D0><U+10D0><U+10E0><U+10E5><U+10D5><U+10D
8><U+10D7> <U+10E1><U+10D0><U+10EE><U+10D4><U+10DA><U+10D8>
 []


Overfull \hbox (59.98724pt too wide) in paragraph at lines 56--57
\EU1/arial_geo(0)/m/n/10 <U+10D3><U+10D0> <U+10E8><U+10D4><U+10D8><U+10DC><U+10
D0><U+10EE><U+10D4><U+10D7>
 []


Overfull \hbox (529.68918pt too wide) in paragraph at lines 56--57
[]\OML/cmm/m/it/10 lab[][]$ \EU1/arial_geo(0)/m/n/10 <U+10E4><U+10DD><U+10DA><U
+10D3><U+10D4><U+10E0><U+10E8><U+10D8>. <U+10E8><U+10D4><U+10D2><U+10D0><U+10EE
><U+10E1><U+10D4><U+10DC><U+10D4><U+10D1><U+10D7>,
 []


Overfull \hbox (11.89642pt too wide) in paragraph at lines 56--57
\EU1/arial_geo(0)/m/n/10 <U+10E0><U+10DD><U+10DB> <U+10E4><U+10D0><U+10D8><U+10
DA><U+10D8><U+10E1>
 []


Overfull \hbox (450.83685pt too wide) in paragraph at lines 56--57
\EU1/arial_geo(0)/m/n/10 <U+10E8><U+10D4><U+10E5><U+10DB><U+10DC><U+10D0> <U+10
E8><U+10D4><U+10E1><U+10D0><U+10EB><U+10DA><U+10D4><U+10D1><U+10D4><U+10DA><U+1
0D8><U+10D0>
 []


Overfull \hbox (302.67767pt too wide) in paragraph at lines 56--57
\EU1/arial_geo(0)/m/n/10 <U+10DB><U+10D4><U+10DC><U+10D8><U+10E3><U+10E1> <U+10
E8><U+10D4><U+10E1><U+10D0><U+10D1><U+10D0><U+10DB><U+10D8><U+10E1>
 []


Overfull \hbox (11.14772pt too wide) in paragraph at lines 56--57
\EU1/arial_geo(0)/m/n/10 <U+10D4><U+10DA><U+10D4><U+10DB><U+10D4><U+10DC><U+10E
2><U+10D6><U+10D4>
 []


Overfull \hbox (157.0901pt too wide) in paragraph at lines 56--57
\EU1/arial_geo(0)/m/n/10 <U+10D3><U+10D0><U+10EC><U+10D9><U+10D0><U+10DE><U+10E
3><U+10DC><U+10D4><U+10D1><U+10D8><U+10D7>
 []


Overfull \hbox (105.87103pt too wide) in paragraph at lines 56--57
\EU1/arial_geo(0)/m/n/10 <U+10D3><U+10D0> <U+10E1><U+10D0><U+10E1><U+10E3><U+10
E0><U+10D5><U+10D4><U+10DA><U+10D8>
 []


Overfull \hbox (106.97943pt too wide) in paragraph at lines 56--57
\EU1/arial_geo(0)/m/n/10 <U+10E2><U+10D8><U+10DE><U+10D8><U+10E1> <U+10E4><U+10
D0><U+10D8><U+10DA><U+10D8><U+10E1>
 []


Overfull \hbox (61.67181pt too wide) in paragraph at lines 56--57
\EU1/arial_geo(0)/m/n/10 <U+10D0><U+10E0><U+10E9><U+10D4><U+10D5><U+10D8><U+10D
7> (<U+10E1><U+10E3><U+10E0>.
 []

[2]
Overfull \hbox (173.20827pt too wide) in paragraph at lines 60--61
[]\EU1/arial_geo(0)/m/n/10 <U+10E8><U+10D4><U+10E1><U+10D0><U+10DC><U+10D8><U+1
0E8><U+10DC><U+10D0><U+10D5><U+10D8><U+10D0>!
 []


Overfull \hbox (210.91498pt too wide) in paragraph at lines 60--61
\EU1/arial_geo(0)/m/n/10 <U+10D0><U+10EE><U+10DA><U+10D0> <U+10D1><U+10DA><U+10
DD><U+10D9><U+10DC><U+10DD><U+10E2><U+10D8><U+10E1>
 []


Overfull \hbox (58.14967pt too wide) in paragraph at lines 60--61
\EU1/arial_geo(0)/m/n/10 <U+10D3><U+10D0><U+10E1><U+10D0><U+10EC><U+10E7><U+10D
8><U+10E1><U+10E8><U+10D8>,
 []


Overfull \hbox (58.13991pt too wide) in paragraph at lines 60--61
\EU1/arial_geo(0)/m/n/10 <U+10DE><U+10E0><U+10D4><U+10D0><U+10DB><U+10D1><U+10E
3><U+10DA><U+10D8><U+10E1>
 []


Overfull \hbox (260.33067pt too wide) in paragraph at lines 60--61
\EU1/arial_geo(0)/m/n/10 <U+10E8><U+10D4><U+10DB><U+10D3><U+10D4><U+10D2> (<U+1
0D8><U+10EE>. <U+10E1><U+10E3><U+10E0><U+10D0><U+10D7><U+10D8>
 []


Overfull \hbox (166.37071pt too wide) in paragraph at lines 60--61
[][]\EU1/arial_geo(0)/m/n/10 2[][]) <U+10D0><U+10D9><U+10E0><U+10D8><U+10E4><U+
10D4><U+10D7> <U+10DB><U+10EA><U+10D8><U+10E0><U+10D4>
 []


Overfull \hbox (207.03802pt too wide) in paragraph at lines 60--61
\EU1/arial_geo(0)/m/n/10 <U+10D7><U+10E5><U+10D5><U+10D4><U+10DC><U+10D8> <U+10
DE><U+10D8><U+10E0><U+10D5><U+10D4><U+10DA><U+10D8>
 []


Overfull \hbox (300.82057pt too wide) in paragraph at lines 60--61
\EU1/arial_geo(0)/m/n/10 <U+10E8><U+10D7><U+10D0><U+10D1><U+10D4><U+10ED><U+10D
3><U+10D8><U+10DA><U+10D4><U+10D1><U+10D4><U+10D1><U+10D8><U+10E1>
 []


Overfull \hbox (61.66205pt too wide) in paragraph at lines 60--61
\EU1/arial_geo(0)/m/n/10 <U+10E8><U+10D4><U+10E1><U+10D0><U+10EE><U+10D4><U+10D
1>. <U+10DD><U+10E0><U+10D8>
 []


Overfull \hbox (357.04454pt too wide) in paragraph at lines 60--61
\EU1/arial_geo(0)/m/n/10 <U+10D0><U+10DC> <U+10E1><U+10D0><U+10DB><U+10D8> <U+1
0EC><U+10D8><U+10DC><U+10D0><U+10D3><U+10D0><U+10D3><U+10D4><U+10D1><U+10D0>
 []


Overfull \hbox (58.70143pt too wide) in paragraph at lines 60--61
\EU1/arial_geo(0)/m/n/10 <U+10E1><U+10D0><U+10D9><U+10DB><U+10D0><U+10E0><U+10D
8><U+10E1><U+10D8><U+10D0>. 
 []

File: img/preamble.PNG Graphic file (type QTm)
<use  "img/preamble.PNG" >
Overfull \hbox (93.5045pt too wide) in paragraph at lines 65--65
[]\EU1/arial_geo(0)/m/n/10 სურ. 2: []<U+10D3><U+10DD><U+10D9><U+10E3><U+10DB><U
+10D4><U+10DC><U+10E2><U+10D8><U+10E1>
 []


Overfull \hbox (10.0442pt too wide) in paragraph at lines 65--65
\EU1/arial_geo(0)/m/n/10 <U+10DE><U+10E0><U+10D4><U+10D0><U+10DB><U+10D1><U+10E
3><U+10DA><U+10D0> 
 []


LaTeX Warning: `h' float specifier changed to `ht'.


Overfull \hbox (38.35963pt too wide) in paragraph at lines 69--70
[]\EU1/arial_geo(0)/m/n/10 R-<U+10D1><U+10DA><U+10DD><U+10D9><U+10DC><U+10DD><U
+10E2><U+10E8><U+10D8>
 []


Overfull \hbox (106.97455pt too wide) in paragraph at lines 69--70
\EU1/arial_geo(0)/m/n/10 <U+10E9><U+10D0><U+10E1><U+10D5><U+10D8><U+10D7> <U+10
D9><U+10DD><U+10D3><U+10D8><U+10E1>
 []


Overfull \hbox (455.26068pt too wide) in paragraph at lines 69--70
\EU1/arial_geo(0)/m/n/10 <U+10DC><U+10D0><U+10EC><U+10D8><U+10DA><U+10D8><U+10E
1> <U+10D0><U+10E6><U+10DB><U+10DC><U+10D8><U+10E8><U+10D5><U+10DC><U+10D4><U+1
0DA><U+10D8>
 []


Overfull \hbox (10.60573pt too wide) in paragraph at lines 69--70
\EU1/arial_geo(0)/m/n/10 <U+10DB><U+10D0><U+10E0><U+10D9><U+10D4><U+10E0><U+10D
4><U+10D1><U+10D8>.
 []


Overfull \hbox (62.02174pt too wide) in paragraph at lines 69--70
\EU1/arial_geo(0)/m/n/10 <U+10D3><U+10D0><U+10E0><U+10EC><U+10DB><U+10E3><U+10D
C><U+10D3><U+10D8><U+10D7>,
 []


Overfull \hbox (12.99994pt too wide) in paragraph at lines 69--70
\EU1/arial_geo(0)/m/n/10 <U+10E0><U+10DD><U+10DB> <U+10D7><U+10E5><U+10D5><U+10
D4><U+10DC><U+10D8>
 []


Overfull \hbox (157.84857pt too wide) in paragraph at lines 69--70
\EU1/arial_geo(0)/m/n/10 <U+10D9><U+10DD><U+10D3><U+10D8> <U+10D0><U+10E5><U+10
E2><U+10D8><U+10E3><U+10E0><U+10D8><U+10D0>,
 []


Overfull \hbox (6.72389pt too wide) in paragraph at lines 69--70
\EU1/arial_geo(0)/m/n/10 <U+10E0><U+10D8><U+10E1><U+10D7><U+10D5><U+10D8><U+10E
1><U+10D0><U+10EA>
 []


Overfull \hbox (352.97552pt too wide) in paragraph at lines 69--70
\EU1/arial_geo(0)/m/n/10 <U+10D3><U+10D0><U+10D0><U+10ED><U+10D8><U+10E0><U+10D
4><U+10D7> <U+10DB><U+10D0><U+10E0><U+10EF><U+10D5><U+10D4><U+10DC><U+10D0>
 []


Overfull \hbox (252.92181pt too wide) in paragraph at lines 69--70
\EU1/arial_geo(0)/m/n/10 <U+10D9><U+10E3><U+10D7><U+10EE><U+10D4><U+10E8><U+10D
8> <U+10DB><U+10D3><U+10D4><U+10D1><U+10D0><U+10E0><U+10D4>
 []


Overfull \hbox (257.35052pt too wide) in paragraph at lines 69--70
\EU1/arial_geo(0)/m/n/10 <U+10DB><U+10EC><U+10D5><U+10D0><U+10DC><U+10D4> <U+10
E1><U+10D0><U+10DB><U+10D9><U+10E3><U+10D7><U+10EE><U+10D0>
 []


Overfull \hbox (116.61485pt too wide) in paragraph at lines 69--70
\EU1/arial_geo(0)/m/n/10 <U+10E6><U+10D8><U+10DA><U+10D0><U+10D9><U+10E1> (<U+1
0D8><U+10EE>. <U+10E1><U+10E3><U+10E0>.
 []


Overfull \hbox (317.85997pt too wide) in paragraph at lines 69--70
[][]\EU1/arial_geo(0)/m/n/10 3[][]). <U+10D0><U+10E5><U+10EA><U+10D4><U+10DC><U
+10E2><U+10D8><U+10E1> <U+10DC><U+10D8><U+10E8><U+10DC><U+10D4><U+10D1><U+10E1>

 []


Overfull \hbox (204.82611pt too wide) in paragraph at lines 69--70
\EU1/arial_geo(0)/m/n/10 <U+10E8><U+10DD><U+10E0><U+10D8><U+10E1> <U+10DB><U+10
D8><U+10E3><U+10D7><U+10D8><U+10D7><U+10D4><U+10D7>
 []


Overfull \hbox (257.91693pt too wide) in paragraph at lines 69--70
\EU1/arial_geo(0)/m/n/10 <U+10E1><U+10D8><U+10DC><U+10E2><U+10D0><U+10E5><U+10E
1><U+10D8>, <U+10E0><U+10DD><U+10DB><U+10DA><U+10D8><U+10E1>
 []


Overfull \hbox (107.89088pt too wide) in paragraph at lines 69--70
\EU1/arial_geo(0)/m/n/10 <U+10DB><U+10D4><U+10E8><U+10D5><U+10D4><U+10DD><U+10D
1><U+10D8><U+10D7><U+10D0><U+10EA>
 []


Overfull \hbox (205.93451pt too wide) in paragraph at lines 69--70
\EU1/arial_geo(0)/m/n/10 <U+10D7><U+10E5><U+10D5><U+10D4><U+10DC><U+10E1> <U+10
E1><U+10D0><U+10DB><U+10E3><U+10E8><U+10D0><U+10DD>
 []


Overfull \hbox (152.66628pt too wide) in paragraph at lines 69--70
\EU1/arial_geo(0)/m/n/10 <U+10D3><U+10D8><U+10E0><U+10D4><U+10E5><U+10E2><U+10D
D><U+10E0><U+10D8><U+10D0><U+10E8><U+10D8>
 []


Overfull \hbox (208.51588pt too wide) in paragraph at lines 69--70
\EU1/arial_geo(0)/m/n/10 <U+10D2><U+10D0><U+10D3><U+10D0><U+10D8><U+10DC><U+10D
0><U+10EA><U+10D5><U+10DA><U+10D4><U+10D1><U+10D7>. 
 []

[3]
Overfull \hbox (219.62917pt too wide) in paragraph at lines 72--73
[]\EU1/arial_geo(0)/m/n/10 <U+10D1><U+10D8><U+10D1><U+10DA><U+10D8><U+10DD><U+1
0D7><U+10D4><U+10D9><U+10D4><U+10D1><U+10D8><U+10E1>
 []


Overfull \hbox (106.23073pt too wide) in paragraph at lines 72--73
\EU1/arial_geo(0)/m/n/10 <U+10E9><U+10D0><U+10DB><U+10DD><U+10E2><U+10D5><U+10D
8><U+10E0><U+10D7><U+10D5><U+10D0>
 []


Overfull \hbox (159.49896pt too wide) in paragraph at lines 72--73
\EU1/arial_geo(0)/m/n/10 <U+10D3><U+10D0> <U+10D2><U+10D0><U+10DB><U+10DD><U+10
EB><U+10D0><U+10EE><U+10D4><U+10D1><U+10D0> 
 []


Overfull \hbox (38.35963pt too wide) in paragraph at lines 74--75
[]\EU1/arial_geo(0)/m/n/10 R-<U+10D1><U+10DA><U+10DD><U+10D9><U+10DC><U+10DD><U
+10E2><U+10E8><U+10D8>
 []


Overfull \hbox (106.97455pt too wide) in paragraph at lines 74--75
\EU1/arial_geo(0)/m/n/10 <U+10E9><U+10D0><U+10E1><U+10D5><U+10D8><U+10D7> <U+10
D9><U+10DD><U+10D3><U+10D8><U+10E1>
 []


Overfull \hbox (115.28998pt too wide) in paragraph at lines 74--75
\EU1/arial_geo(0)/m/n/10 <U+10D0><U+10EE><U+10D0><U+10DA><U+10D8> <U+10DC><U+10
D0><U+10EC><U+10D8><U+10DA><U+10D8>.
 []


Overfull \hbox (303.79584pt too wide) in paragraph at lines 74--75
\EU1/arial_geo(0)/m/n/10 <U+10E9><U+10D0><U+10EC><U+10D4><U+10E0><U+10D4><U+10D
7> <U+10E1><U+10D8><U+10DC><U+10E2><U+10D0><U+10E5><U+10E1><U+10D8>,
 []


Overfull \hbox (500.59271pt too wide) in paragraph at lines 74--75
\EU1/arial_geo(0)/m/n/10 <U+10E0><U+10DD><U+10DB><U+10D4><U+10DA><U+10D8><U+10E
A> <U+10E9><U+10D0><U+10DB><U+10DD><U+10E2><U+10D5><U+10D8><U+10E0><U+10D7><U+1
0D0><U+10D5><U+10E1>
 []


Overfull \hbox (107.33424pt too wide) in paragraph at lines 74--75
\EU1/arial_geo(0)/m/n/10 <U+10D1><U+10D8><U+10D1><U+10DA><U+10D8><U+10DD><U+10D
7><U+10D4><U+10D9><U+10D0><U+10E1>
 []


Overfull \hbox (337.34727pt too wide) in paragraph at lines 74--75
\EU1/arial_geo(0)/m/n/10 ggplot2. <U+10D2><U+10D0><U+10E3><U+10E8><U+10D5><U+10
D8><U+10D7> <U+10E1><U+10D8><U+10DC><U+10E2><U+10D0><U+10E5><U+10E1><U+10D8>
 []


Overfull \hbox (161.16888pt too wide) in paragraph at lines 74--75
\EU1/arial_geo(0)/m/n/10 <U+10D3><U+10D0> <U+10D3><U+10D0><U+10E0><U+10EC><U+10
DB><U+10E3><U+10DC><U+10D3><U+10D8><U+10D7>,
 []


Overfull \hbox (212.2252pt too wide) in paragraph at lines 74--75
\EU1/arial_geo(0)/m/n/10 <U+10E0><U+10DD><U+10DB> <U+10D8><U+10D2><U+10D8> <U+1
0DB><U+10E3><U+10E8><U+10D0><U+10DD><U+10D1><U+10E1>. 
 []

[4]
Overfull \hbox (27.44818pt too wide) in paragraph at lines 76--77
[]\EU1/arial_geo(0)/m/n/10 <U+10D0><U+10EE><U+10D0><U+10DA> <U+10D9><U+10DD><U+
10D3><U+10D8><U+10E1>
 []


Overfull \hbox (305.44135pt too wide) in paragraph at lines 76--77
\EU1/arial_geo(0)/m/n/10 <U+10DC><U+10D0><U+10EC><U+10D8><U+10DA><U+10E8><U+10D
8> <U+10DB><U+10D8><U+10E3><U+10D7><U+10D8><U+10D7><U+10D4><U+10D7>
 []


Overfull \hbox (307.67279pt too wide) in paragraph at lines 76--77
\EU1/arial_geo(0)/m/n/10 <U+10E1><U+10D8><U+10DC><U+10E2><U+10D0><U+10E5><U+10E
1><U+10D8>, <U+10E0><U+10DD><U+10DB><U+10D4><U+10DA><U+10D8><U+10EA>
 []


Overfull \hbox (141.99408pt too wide) in paragraph at lines 76--77
\EU1/arial_geo(0)/m/n/10 ggplot2 <U+10D1><U+10D8><U+10D1><U+10DA><U+10D8><U+10D
D><U+10D7><U+10D4><U+10D9><U+10D0><U+10E1>
 []


Overfull \hbox (153.78444pt too wide) in paragraph at lines 76--77
\EU1/arial_geo(0)/m/n/10 <U+10D2><U+10D0><U+10D0><U+10D0><U+10E5><U+10E2><U+10D
8><U+10E3><U+10E0><U+10D4><U+10D1><U+10E1>.
 []


Overfull \hbox (207.58978pt too wide) in paragraph at lines 76--77
\EU1/arial_geo(0)/m/n/10 <U+10EC><U+10D8><U+10DC><U+10D0> <U+10D3><U+10D0><U+10
D5><U+10D0><U+10DA><U+10D4><U+10D1><U+10D8><U+10E1>
 []


Overfull \hbox (303.2392pt too wide) in paragraph at lines 76--77
\EU1/arial_geo(0)/m/n/10 <U+10DB><U+10E1><U+10D2><U+10D0><U+10D5><U+10E1><U+10D
0><U+10D3>, <U+10D2><U+10D0><U+10E3><U+10E8><U+10D5><U+10D8><U+10D7>
 []


Overfull \hbox (114.18158pt too wide) in paragraph at lines 76--77
\EU1/arial_geo(0)/m/n/10 <U+10D3><U+10D0> <U+10E8><U+10D4><U+10D0><U+10DB><U+10
DD><U+10EC><U+10DB><U+10D4><U+10D7>,
 []


Overfull \hbox (7.27565pt too wide) in paragraph at lines 76--77
\EU1/arial_geo(0)/m/n/10 <U+10E7><U+10D5><U+10D4><U+10DA><U+10D0><U+10E4><U+10D
4><U+10E0><U+10D8>
 []


Overfull \hbox (109.94493pt too wide) in paragraph at lines 76--77
\EU1/arial_geo(0)/m/n/10 <U+10E0><U+10D8><U+10D2><U+10D6><U+10D4><U+10D0> <U+10
D7><U+10E3> <U+10D0><U+10E0><U+10D0>. 
 []


Overfull \hbox (37.9153pt too wide) in paragraph at lines 78--78
[][] \EU1/arial_geo(0)/bx/n/12 <U+10E1><U+10D9><U+10E0><U+10D8><U+10DE><U+10E2>
<U+10D8><U+10E1>
 []


Overfull \hbox (276.0696pt too wide) in paragraph at lines 78--78
\EU1/arial_geo(0)/bx/n/12 <U+10E4><U+10D0><U+10D8><U+10DA><U+10D8><U+10E1> <U+1
0E8><U+10D4><U+10E5><U+10DB><U+10DC><U+10D0>
 []


Overfull \hbox (458.0696pt too wide) in paragraph at lines 78--78
\EU1/arial_geo(0)/bx/n/12 <U+10D3><U+10D0> <U+10DB><U+10D8><U+10E1><U+10D8> <U+
10D1><U+10DA><U+10DD><U+10D9><U+10DC><U+10DD><U+10E2><U+10E8><U+10D8>
 []


Overfull \hbox (41.66335pt too wide) in paragraph at lines 78--78
\EU1/arial_geo(0)/bx/n/12 <U+10E8><U+10D4><U+10DB><U+10DD><U+10E2><U+10D0><U+10
DC><U+10D0> 
 []


Overfull \hbox (206.48627pt too wide) in paragraph at lines 80--81
\EU1/arial_geo(0)/m/n/10 <U+10D3><U+10D0><U+10D0><U+10ED><U+10D8><U+10E0><U+10D
4><U+10D7> <U+10D0><U+10EE><U+10D0><U+10DA><U+10D8>
 []


Overfull \hbox (205.38275pt too wide) in paragraph at lines 80--81
\EU1/arial_geo(0)/m/n/10 <U+10E4><U+10D0><U+10D8><U+10DA><U+10D8><U+10E1> <U+10
E8><U+10D4><U+10E5><U+10DB><U+10DC><U+10D8><U+10E1>
 []


Overfull \hbox (302.3131pt too wide) in paragraph at lines 80--81
\EU1/arial_geo(0)/m/n/10 <U+10E6><U+10D8><U+10DA><U+10D0><U+10D9><U+10E1> <U+10
D3><U+10D0> <U+10D0><U+10D8><U+10E0><U+10E9><U+10D8><U+10D4><U+10D7>
 []


Overfull \hbox (215.5739pt too wide) in paragraph at lines 80--81
\EU1/arial_geo(0)/m/n/10 R <U+10E1><U+10D9><U+10E0><U+10D8><U+10DE><U+10E2><U+1
0D8><U+10E1> <U+10E4><U+10D0><U+10D8><U+10DA><U+10D8>.
 []


Overfull \hbox (257.16335pt too wide) in paragraph at lines 80--81
\EU1/arial_geo(0)/m/n/10 <U+10D2><U+10D0><U+10D8><U+10D7><U+10D5><U+10D0><U+10D
A><U+10D8><U+10E1><U+10EC><U+10D8><U+10DC><U+10D4><U+10D7>,
 []


Overfull \hbox (59.99213pt too wide) in paragraph at lines 80--81
\EU1/arial_geo(0)/m/n/10 <U+10E0><U+10DD><U+10DB> <U+10E1><U+10D9><U+10E0><U+10
D8><U+10DE><U+10E8><U+10D8>
 []


Overfull \hbox (59.80983pt too wide) in paragraph at lines 80--81
\EU1/arial_geo(0)/m/n/10 <U+10DB><U+10E3><U+10E8><U+10D0><U+10DD><U+10D1><U+10D
8><U+10E1><U+10D0><U+10E1>,
 []


Overfull \hbox (492.84369pt too wide) in paragraph at lines 80--81
\EU1/arial_geo(0)/m/n/10 <U+10E2><U+10D4><U+10E5><U+10E1><U+10E2><U+10D8><U+10E
1> <U+10E9><U+10D5><U+10D4><U+10E3><U+10DA><U+10D4><U+10D1><U+10E0><U+10D8><U+1
0D5><U+10D0><U+10D3>
 []


Overfull \hbox (58.87885pt too wide) in paragraph at lines 80--81
\EU1/arial_geo(0)/m/n/10 <U+10DB><U+10D8><U+10D7><U+10D8><U+10D7><U+10D4><U+10D
1><U+10D0> <U+10D0><U+10E0>
 []


Overfull \hbox (352.63536pt too wide) in paragraph at lines 80--81
\EU1/arial_geo(0)/m/n/10 <U+10EE><U+10D3><U+10D4><U+10D1><U+10D0>. <U+10D7><U+1
0E3> <U+10E1><U+10D8><U+10E2><U+10E7><U+10D5><U+10D8><U+10D4><U+10E0><U+10D8>
 []


Overfull \hbox (156.73529pt too wide) in paragraph at lines 80--81
\EU1/arial_geo(0)/m/n/10 <U+10D0><U+10EE><U+10E1><U+10DC><U+10D8><U+10E1> <U+10
E9><U+10D0><U+10EC><U+10D4><U+10E0><U+10D0>
 []


Overfull \hbox (11.15749pt too wide) in paragraph at lines 80--81
\EU1/arial_geo(0)/m/n/10 <U+10D2><U+10ED><U+10D8><U+10E0><U+10D3><U+10D4><U+10D
1><U+10D0><U+10D7>,
 []


Overfull \hbox (155.07513pt too wide) in paragraph at lines 80--81
\EU1/arial_geo(0)/m/n/10 <U+10DB><U+10D0><U+10E8><U+10D8><U+10DC> <U+10E2><U+10
D4><U+10E5><U+10E1><U+10E2><U+10D8><U+10E1>
 []


Overfull \hbox (11.89154pt too wide) in paragraph at lines 80--81
\EU1/arial_geo(0)/m/n/10 <U+10EC><U+10D8><U+10DC> <U+10D3><U+10D8><U+10D4><U+10
D6><U+10D8><U+10E1>
 []


Overfull \hbox (62.19916pt too wide) in paragraph at lines 80--81
\EU1/arial_geo(0)/m/n/10 <U+10DC><U+10D8><U+10E8><U+10D0><U+10DC><U+10D8> <U+10
E3><U+10DC><U+10D3><U+10D0>
 []


Overfull \hbox (11.33978pt too wide) in paragraph at lines 80--81
\EU1/arial_geo(0)/m/n/10 <U+10E9><U+10D0><U+10EC><U+10D4><U+10E0><U+10DD><U+10D
7> <U+10D3><U+10D0>
 []


Overfull \hbox (412.1601pt too wide) in paragraph at lines 80--81
\EU1/arial_geo(0)/m/n/10 <U+10D9><U+10DD><U+10D3><U+10D8> „<U+10D2><U+10D0><U+1
0D0><U+10D9><U+10DD><U+10DB><U+10D4><U+10DC><U+10E2><U+10D0><U+10E0><U+10DD><U+
10D7>”
 []


Overfull \hbox (32.28543pt too wide) in paragraph at lines 80--81
\EU1/arial_geo(0)/m/n/10 (<U+10D8><U+10EE>. <U+10E1><U+10E3><U+10E0>. [][]4[][]
). <U+10D0><U+10E1><U+10D4><U+10D7>
 []


Overfull \hbox (159.49896pt too wide) in paragraph at lines 80--81
\EU1/arial_geo(0)/m/n/10 <U+10D9><U+10DD><U+10D3><U+10E1> <U+10DE><U+10E0><U+10
DD><U+10D2><U+10E0><U+10D0><U+10DB><U+10D0>
 []


Overfull \hbox (151.56276pt too wide) in paragraph at lines 80--81
\EU1/arial_geo(0)/m/n/10 <U+10E8><U+10D4><U+10E1><U+10E0><U+10E3><U+10DA><U+10D
4><U+10D1><U+10D8><U+10E1><U+10D0><U+10E1>
 []


Overfull \hbox (157.66139pt too wide) in paragraph at lines 80--81
\EU1/arial_geo(0)/m/n/10 <U+10E3><U+10D2><U+10E3><U+10DA><U+10D4><U+10D1><U+10D
4><U+10DA><U+10E7><U+10DD><U+10E4><U+10E1>. 
 []

File: img/run_chunk.PNG Graphic file (type QTm)
<use  "img/run_chunk.PNG" >
Overfull \hbox (194.3118pt too wide) in paragraph at lines 85--85
[]\EU1/arial_geo(0)/m/n/10 სურ. 3: []<U+10D9><U+10DD><U+10D3><U+10D8><U+10E1> <
U+10DC><U+10D0><U+10EC><U+10D8><U+10DA><U+10D8><U+10E1>
 []


Underfull \hbox (badness 10000) in paragraph at lines 85--85
\EU1/arial_geo(0)/m/n/10 <U+10DB><U+10D8><U+10D7><U+10D8><U+10D7><U+10D4><U+10D
1><U+10D0>
 []


Overfull \hbox (9.12299pt too wide) in paragraph at lines 85--85
\EU1/arial_geo(0)/m/n/10 <U+10D3><U+10D0> <U+10D2><U+10D0><U+10E8><U+10D5><U+10
D4><U+10D1><U+10D0> 
 []


LaTeX Warning: `h' float specifier changed to `ht'.


Overfull \hbox (266.8183pt too wide) in paragraph at lines 90--91
[]\EU1/arial_geo(0)/m/n/10 <U+10E1><U+10D9><U+10E0><U+10D8><U+10DE><U+10E2><U+1
0D8><U+10E1> <U+10E4><U+10D0><U+10D8><U+10DA><U+10E8><U+10D8>
 []


Overfull \hbox (303.79584pt too wide) in paragraph at lines 90--91
\EU1/arial_geo(0)/m/n/10 <U+10E9><U+10D0><U+10EC><U+10D4><U+10E0><U+10D4><U+10D
7> <U+10E1><U+10D8><U+10DC><U+10E2><U+10D0><U+10E5><U+10E1><U+10D8>,
 []


Overfull \hbox (474.34435pt too wide) in paragraph at lines 90--91
\EU1/arial_geo(0)/m/n/10 <U+10E0><U+10DD><U+10DB><U+10D4><U+10DA><U+10D8><U+10E
A> tidyr <U+10D1><U+10D8><U+10D1><U+10DA><U+10D8><U+10DD><U+10D7><U+10D4><U+10D
9><U+10D0><U+10E1>
 []


Overfull \hbox (154.32643pt too wide) in paragraph at lines 90--91
\EU1/arial_geo(0)/m/n/10 <U+10E9><U+10D0><U+10DB><U+10DD><U+10E2><U+10D5><U+10D
8><U+10E0><U+10D7><U+10D0><U+10D5><U+10E1>
 []


Overfull \hbox (252.93158pt too wide) in paragraph at lines 90--91
\EU1/arial_geo(0)/m/n/10 <U+10D3><U+10D0> <U+10D2><U+10D0><U+10D0><U+10D0><U+10
E5><U+10E2><U+10D8><U+10E3><U+10E0><U+10D4><U+10D1><U+10E1>.
 []


Overfull \hbox (203.7226pt too wide) in paragraph at lines 90--91
\EU1/arial_geo(0)/m/n/10 <U+10E1><U+10D9><U+10E0><U+10D8><U+10DE><U+10E2><U+10D
8><U+10E1> <U+10E4><U+10D0><U+10D8><U+10DA><U+10D8>
 []


Overfull \hbox (498.94232pt too wide) in paragraph at lines 90--91
\EU1/arial_geo(0)/m/n/10 <U+10E1><U+10D0><U+10DB><U+10E3><U+10E8><U+10D0><U+10D
D> <U+10D3><U+10D8><U+10E0><U+10D4><U+10E5><U+10E2><U+10DD><U+10E0><U+10D8><U+1
0D0><U+10E8><U+10D8>,
 []


Overfull \hbox (57.58815pt too wide) in paragraph at lines 90--91
\EU1/arial_geo(0)/m/n/10 <U+10E1><U+10DE><U+10D4><U+10EA><U+10D8><U+10D0><U+10D
A><U+10E3><U+10E0><U+10D8>
 []


Overfull \hbox (105.67897pt too wide) in paragraph at lines 90--91
\EU1/arial_geo(0)/m/n/10 <U+10E5><U+10D5><U+10D4><U+10E4><U+10DD><U+10DA><U+10D
3><U+10D4><U+10E0><U+10E8><U+10D8>
 []


Overfull \hbox (93.05365pt too wide) in paragraph at lines 90--91
\EU1/arial_geo(0)/m/n/10 ”source«U+10E8><U+10D4><U+10D8><U+10DC><U+10D0><U+10EE
><U+10D4><U+10D7> <U+10D3><U+10D0>
 []


Overfull \hbox (255.69037pt too wide) in paragraph at lines 90--91
\EU1/arial_geo(0)/m/n/10 <U+10DA><U+10DD><U+10D2><U+10D8><U+10D9><U+10E3><U+10E
0><U+10D8> <U+10E1><U+10D0><U+10EE><U+10D4><U+10DA><U+10D8>
 []

[5]
Overfull \hbox (612.331pt too wide) in paragraph at lines 92--93
[]\EU1/arial_geo(0)/m/n/10 <U+10EC><U+10D8><U+10D2><U+10DC><U+10D8><U+10D4><U+1
0E0><U+10D8> <U+10DE><U+10E0><U+10DD><U+10D2><U+10E0><U+10D0><U+10DB><U+10D8><U
+10E0><U+10D4><U+10D1><U+10D8><U+10E1>
 []


Overfull \hbox (61.09564pt too wide) in paragraph at lines 92--93
\EU1/arial_geo(0)/m/n/10 <U+10EC><U+10D4><U+10E1><U+10D4><U+10D1><U+10D8><U+10D
7> <U+10E0><U+10DD><U+10DB>
 []


Overfull \hbox (64.23366pt too wide) in paragraph at lines 92--93
\EU1/arial_geo(0)/m/n/10 <U+10D5><U+10D8><U+10DB><U+10DD><U+10E5><U+10DB><U+10D
4><U+10D3><U+10DD><U+10D7>,
 []


Overfull \hbox (302.12592pt too wide) in paragraph at lines 92--93
\EU1/arial_geo(0)/m/n/10 <U+10E1><U+10D0><U+10ED><U+10D8><U+10E0><U+10DD><U+10D
0> <U+10E1><U+10D9><U+10E0><U+10D8><U+10DE><U+10E2><U+10D8><U+10E1>
 []


Overfull \hbox (357.96088pt too wide) in paragraph at lines 92--93
\EU1/arial_geo(0)/m/n/10 <U+10E4><U+10D0><U+10D8><U+10DA><U+10D8> <U+10D1><U+10
DA><U+10DD><U+10D9><U+10DC><U+10DD><U+10E2><U+10D8><U+10D3><U+10D0><U+10DC>
 []


Overfull \hbox (351.88666pt too wide) in paragraph at lines 92--93
\EU1/arial_geo(0)/m/n/10 <U+10D2><U+10D0><U+10D5><U+10E3><U+10E8><U+10D5><U+10D
0><U+10D7>. <U+10D0><U+10DB><U+10D8><U+10E1><U+10D7><U+10D5><U+10D8><U+10E1>
 []


Overfull \hbox (56.47487pt too wide) in paragraph at lines 92--93
\EU1/arial_geo(0)/m/n/10 <U+10D3><U+10D0><U+10E3><U+10D1><U+10E0><U+10E3><U+10D
C><U+10D3><U+10D8><U+10D7>
 []


Overfull \hbox (259.5722pt too wide) in paragraph at lines 92--93
\EU1/arial_geo(0)/m/n/10 <U+10D1><U+10DA><U+10DD><U+10D9><U+10DC><U+10DD><U+10E
2><U+10E1>, <U+10E9><U+10D0><U+10E1><U+10D5><U+10D8><U+10D7>
 []


Overfull \hbox (61.09564pt too wide) in paragraph at lines 92--93
\EU1/arial_geo(0)/m/n/10 <U+10D0><U+10EE><U+10D0><U+10DA><U+10D8> <U+10D9><U+10
DD><U+10D3><U+10D8><U+10E1>
 []


Overfull \hbox (210.92474pt too wide) in paragraph at lines 92--93
\EU1/arial_geo(0)/m/n/10 <U+10DC><U+10D0><U+10EC><U+10D8><U+10DA><U+10D8>, <U+1
0E9><U+10D0><U+10EC><U+10D4><U+10E0><U+10D4><U+10D7>
 []


Overfull \hbox (396.65228pt too wide) in paragraph at lines 92--93
\EU1/arial_geo(0)/m/n/10 <U+10E1><U+10D9><U+10E0><U+10D8><U+10DE><U+10E2><U+10D
8><U+10E1> <U+10D2><U+10D0><U+10E1><U+10D0><U+10E8><U+10D5><U+10D4><U+10D1><U+1
0D8>
 []


Overfull \hbox (57.77533pt too wide) in paragraph at lines 92--93
\EU1/arial_geo(0)/m/n/10 <U+10E1><U+10D8><U+10DC><U+10E2><U+10D0><U+10E5><U+10E
1><U+10D8> <U+10D3><U+10D0>
 []


Overfull \hbox (9.50221pt too wide) in paragraph at lines 92--93
\EU1/arial_geo(0)/m/n/10 <U+10E8><U+10D4><U+10D0><U+10E1><U+10E0><U+10E3><U+10D
A><U+10D4><U+10D7>. 
 []


Overfull \hbox (157.75514pt too wide) in paragraph at lines 94--94
[][]\EU1/arial_geo(0)/bx/n/12 <U+10D3><U+10DD><U+10D9><U+10E3><U+10DB><U+10D4><
U+10DC><U+10E2><U+10D8><U+10E1>
 []


Overfull \hbox (516.21608pt too wide) in paragraph at lines 94--94
\EU1/arial_geo(0)/bx/n/12 <U+10E1><U+10D0><U+10D1><U+10DD><U+10DA><U+10DD><U+10
DD> <U+10D2><U+10D0><U+10E4><U+10DD><U+10E0><U+10DB><U+10D4><U+10D1><U+10D0> 
 []


Overfull \hbox (597.331pt too wide) in paragraph at lines 96--97
\EU1/arial_geo(0)/m/n/10 <U+10EC><U+10D8><U+10D2><U+10DC><U+10D8><U+10D4><U+10E
0><U+10D8> <U+10DE><U+10E0><U+10DD><U+10D2><U+10E0><U+10D0><U+10DB><U+10D8><U+1
0E0><U+10D4><U+10D1><U+10D8><U+10E1>
 []


Overfull \hbox (108.44753pt too wide) in paragraph at lines 96--97
\EU1/arial_geo(0)/m/n/10 <U+10DE><U+10E0><U+10D8><U+10DC><U+10EA><U+10D8><U+10D
E><U+10D4><U+10D1><U+10D8><U+10E1>
 []


Overfull \hbox (108.08295pt too wide) in paragraph at lines 96--97
\EU1/arial_geo(0)/m/n/10 <U+10D9><U+10D8><U+10D3><U+10D4><U+10D5> <U+10D4><U+10
E0><U+10D7><U+10EE><U+10D4><U+10DA>
 []


Overfull \hbox (161.16888pt too wide) in paragraph at lines 96--97
\EU1/arial_geo(0)/m/n/10 <U+10D3><U+10D0><U+10EA><U+10D5><U+10D8><U+10E1> <U+10
DB><U+10D8><U+10D6><U+10DC><U+10D8><U+10D7>,
 []


Overfull \hbox (158.94232pt too wide) in paragraph at lines 96--97
\EU1/arial_geo(0)/m/n/10 <U+10D7><U+10D8><U+10D7><U+10DD><U+10D4><U+10E3><U+10D
A> <U+10D9><U+10DD><U+10D3><U+10D8><U+10E1>
 []


Overfull \hbox (257.35052pt too wide) in paragraph at lines 96--97
\EU1/arial_geo(0)/m/n/10 <U+10DC><U+10D0><U+10EC><U+10D8><U+10DA><U+10E1> <U+10
DB><U+10D8><U+10E3><U+10EC><U+10D4><U+10E0><U+10D4><U+10D7>
 []


Overfull \hbox (110.86615pt too wide) in paragraph at lines 96--97
\EU1/arial_geo(0)/m/n/10 <U+10DB><U+10EA><U+10D8><U+10E0><U+10D4> <U+10D0><U+10
E6><U+10EC><U+10D4><U+10E0><U+10D0>,
 []


Overfull \hbox (156.3756pt too wide) in paragraph at lines 96--97
\EU1/arial_geo(0)/m/n/10 <U+10D7><U+10E3> <U+10E0><U+10D0> <U+10E4><U+10E3><U+1
0DC><U+10E5><U+10EA><U+10D8><U+10D0><U+10E1>
 []


Overfull \hbox (300.48041pt too wide) in paragraph at lines 96--97
\EU1/arial_geo(0)/m/n/10 <U+10D0><U+10E1><U+10E0><U+10E3><U+10DA><U+10D4><U+10D
1><U+10E1>. <U+10E2><U+10D4><U+10E5><U+10E1><U+10E2><U+10D8><U+10E1>
 []


Overfull \hbox (251.62135pt too wide) in paragraph at lines 96--97
\EU1/arial_geo(0)/m/n/10 <U+10D2><U+10D0><U+10E4><U+10DD><U+10E0><U+10DB><U+10D
4><U+10D1><U+10D8><U+10E1><U+10D7><U+10D5><U+10D8><U+10E1>
 []


Overfull \hbox (60.34694pt too wide) in paragraph at lines 96--97
\EU1/arial_geo(0)/m/n/10 <U+10D2><U+10D0><U+10DB><U+10DD><U+10D8><U+10E7><U+10D
4><U+10DC><U+10D4><U+10D7>
 []


Overfull \hbox (55.92311pt too wide) in paragraph at lines 96--97
\EU1/arial_geo(0)/m/n/10 <U+10DB><U+10D0><U+10E0><U+10D9><U+10D8><U+10E0><U+10D
4><U+10D1><U+10D8><U+10E1>
 []


Overfull \hbox (452.49213pt too wide) in paragraph at lines 96--97
\EU1/arial_geo(0)/m/n/10 <U+10D4><U+10DC><U+10D8><U+10E1> <U+10DB><U+10E0><U+10
D0><U+10D5><U+10D0><U+10DA><U+10E4><U+10D4><U+10E0><U+10DD><U+10D5><U+10D0><U+1
0DC><U+10D8>
 []


Overfull \hbox (257.16823pt too wide) in paragraph at lines 96--97
\EU1/arial_geo(0)/m/n/10 <U+10E8><U+10D4><U+10E1><U+10D0><U+10EB><U+10DA><U+10D
4><U+10D1><U+10DA><U+10DD><U+10D1><U+10D4><U+10D1><U+10D8>.
 []


Overfull \hbox (12.81764pt too wide) in paragraph at lines 96--97
\EU1/arial_geo(0)/m/n/10 <U+10DB><U+10D0><U+10D2><U+10D0><U+10DA><U+10D8><U+10D
7><U+10D0><U+10D3>,
 []


Overfull \hbox (10.03932pt too wide) in paragraph at lines 96--97
\EU1/arial_geo(0)/m/n/10 <U+10D2><U+10D0><U+10DB><U+10DD><U+10E7><U+10D0><U+10D
5><U+10D8><U+10D7>
 []


Overfull \hbox (254.03998pt too wide) in paragraph at lines 96--97
\EU1/arial_geo(0)/m/n/10 <U+10E1><U+10D4><U+10E5><U+10EA><U+10D8><U+10D4><U+10D
1><U+10D8>, <U+10E9><U+10D0><U+10E1><U+10D5><U+10D8><U+10D7>
 []


Overfull \hbox (307.12592pt too wide) in paragraph at lines 96--97
\EU1/arial_geo(0)/m/n/10 <U+10D1><U+10DB><U+10E3><U+10DA><U+10D4><U+10D1><U+10D
8>, <U+10E1><U+10E3><U+10E0><U+10D0><U+10D7><U+10D4><U+10D1><U+10D8>.
 []


Overfull \hbox (301.01752pt too wide) in paragraph at lines 96--97
\EU1/arial_geo(0)/m/n/10 <U+10E2><U+10D4><U+10E5><U+10E1><U+10E2><U+10D8> <U+10
D2><U+10D0><U+10D0><U+10E4><U+10DD><U+10E0><U+10DB><U+10D4><U+10D7>
 []


Overfull \hbox (56.66693pt too wide) in paragraph at lines 96--97
\EU1/arial_geo(0)/m/n/10 <U+10D9><U+10E3><U+10E0><U+10E1><U+10D8><U+10D5><U+10D
8><U+10D7> <U+10D3><U+10D0>
 []


Overfull \hbox (256.24213pt too wide) in paragraph at lines 96--97
\EU1/arial_geo(0)/m/n/10 <U+10DB><U+10E1><U+10EE><U+10D5><U+10D8><U+10DA><U+10D
8> <U+10D0><U+10E1><U+10DD><U+10D4><U+10D1><U+10D8><U+10D7>
 []


Overfull \hbox (261.0745pt too wide) in paragraph at lines 96--97
\EU1/arial_geo(0)/m/n/10 <U+10D3><U+10D0> <U+10D0>. <U+10E8>. <U+10DB><U+10D0><
U+10E0><U+10D9><U+10D8><U+10E0><U+10D4><U+10D1><U+10D8><U+10E1>
 []


Overfull \hbox (156.17865pt too wide) in paragraph at lines 96--97
\EU1/arial_geo(0)/m/n/10 <U+10D4><U+10DC><U+10D8><U+10E1> <U+10D3><U+10D4><U+10
E2><U+10D0><U+10DA><U+10E3><U+10E0><U+10D8>
 []


Overfull \hbox (157.64674pt too wide) in paragraph at lines 96--97
\EU1/arial_geo(0)/m/n/10 <U+10D3><U+10DD><U+10D9><U+10E3><U+10DB><U+10D4><U+10D
C><U+10E2><U+10D0><U+10EA><U+10D8><U+10D0>
 []


Overfull \hbox (163.2034pt too wide) in paragraph at lines 96--97
[][]\EU1/arial_geo(0)/m/n/10 <U+10D0><U+10DB>[][] <U+10D3><U+10D0> [][]<U+10D0>
<U+10DB>[][] <U+10D1><U+10DB><U+10E3><U+10DA><U+10D6><U+10D4>
 []


Overfull \hbox (11.71413pt too wide) in paragraph at lines 96--97
\EU1/arial_geo(0)/m/n/10 <U+10E8><U+10D4><U+10D2><U+10D8><U+10EB><U+10DA><U+10D
8><U+10D0><U+10D7>,
 []

[6]
File: img/commented.PNG Graphic file (type QTm)
 <use  "img/commented.PNG" >
Overfull \hbox (486.19656pt too wide) in paragraph at lines 101--101
[]\EU1/arial_geo(0)/m/n/10 სურ. 4: []<U+10D9><U+10DD><U+10D3><U+10D8><U+10E1> <
U+10D2><U+10D0><U+10D9><U+10DD><U+10DB><U+10D4><U+10DC><U+10E2><U+10D0><U+10E0>
<U+10D4><U+10D1><U+10D0> 
 []


Overfull \hbox (157.75514pt too wide) in paragraph at lines 107--107
[][]\EU1/arial_geo(0)/bx/n/12 <U+10D3><U+10DD><U+10D9><U+10E3><U+10DB><U+10D4><
U+10DC><U+10E2><U+10D8><U+10E1>
 []


Overfull \hbox (162.40163pt too wide) in paragraph at lines 107--107
\EU1/arial_geo(0)/bx/n/12 <U+10D9><U+10DD><U+10DB><U+10DE><U+10D8><U+10DA><U+10
D0><U+10EA><U+10D8><U+10D0> 
 []


Overfull \hbox (209.06276pt too wide) in paragraph at lines 109--110
\EU1/arial_geo(0)/m/n/10 <U+10D9><U+10DD><U+10DB><U+10DE><U+10D8><U+10DA><U+10D
0><U+10EA><U+10D8><U+10D0><U+10DB><U+10D3><U+10D4>
 []


Overfull \hbox (163.95697pt too wide) in paragraph at lines 109--110
\EU1/arial_geo(0)/m/n/10 (<U+10D4>.<U+10D8>. <U+10DB><U+10D0><U+10E0><U+10D9><U
+10D8><U+10E0><U+10D4><U+10D1><U+10D8><U+10E1>
 []


Overfull \hbox (523.00157pt too wide) in paragraph at lines 109--110
\EU1/arial_geo(0)/m/n/10 html <U+10E4><U+10DD><U+10E0><U+10DB><U+10D0><U+10E2><
U+10E8><U+10D8> <U+10D2><U+10D0><U+10D3><U+10D0><U+10E2><U+10D0><U+10DC><U+10D0
><U+10DB><U+10D3><U+10D4>)
 []


Overfull \hbox (255.68549pt too wide) in paragraph at lines 109--110
\EU1/arial_geo(0)/m/n/10 <U+10E8><U+10D4><U+10D8><U+10DC><U+10D0><U+10EE><U+10D
4><U+10D7> <U+10D7><U+10E5><U+10D5><U+10D4><U+10DC><U+10D8>
 []


Overfull \hbox (137.13731pt too wide) in paragraph at lines 109--110
\EU1/arial_geo(0)/m/n/10 <U+10D1><U+10DA><U+10DD><U+10D9><U+10DC><U+10DD><U+10E
2><U+10D8>. html <U+10D0><U+10DC><U+10E3>
 []


Overfull \hbox (247.7444pt too wide) in paragraph at lines 109--110
\EU1/arial_geo(0)/m/n/10 <U+10F0><U+10D8><U+10DE><U+10D4><U+10E0><U+10E2><U+10D
4><U+10E5><U+10E1><U+10E2><U+10D4><U+10D1><U+10D8><U+10E1>
 []


Overfull \hbox (55.92311pt too wide) in paragraph at lines 109--110
\EU1/arial_geo(0)/m/n/10 <U+10DB><U+10D0><U+10E0><U+10D8><U+10D9><U+10E0><U+10D
4><U+10D1><U+10D8><U+10E1>
 []


Overfull \hbox (208.69818pt too wide) in paragraph at lines 109--110
\EU1/arial_geo(0)/m/n/10 <U+10D4><U+10DC><U+10D8><U+10E1> <U+10D3><U+10DD><U+10
D9><U+10E3><U+10DB><U+10D4><U+10DC><U+10E2><U+10D8>
 []


Overfull \hbox (58.13503pt too wide) in paragraph at lines 109--110
\EU1/arial_geo(0)/m/n/10 <U+10DC><U+10D4><U+10D1><U+10D8><U+10E1><U+10DB><U+10D
8><U+10D4><U+10E0><U+10D8>
 []


Overfull \hbox (6.16725pt too wide) in paragraph at lines 109--110
\EU1/arial_geo(0)/m/n/10 <U+10D5><U+10D4><U+10D1><U+10E1><U+10D0><U+10D8><U+10E
2><U+10D8><U+10E1>
 []


Overfull \hbox (56.47975pt too wide) in paragraph at lines 109--110
\EU1/arial_geo(0)/m/n/10 <U+10E1><U+10D0><U+10E4><U+10E3><U+10EB><U+10D5><U+10D
4><U+10DA><U+10D8><U+10D0>
 []


Overfull \hbox (63.31732pt too wide) in paragraph at lines 109--110
\EU1/arial_geo(0)/m/n/10 - <U+10DC><U+10D4><U+10D1><U+10D8><U+10E1><U+10DB><U+1
0D8><U+10D4><U+10E0><U+10D8>
 []


Overfull \hbox (10.04909pt too wide) in paragraph at lines 109--110
\EU1/arial_geo(0)/m/n/10 <U+10D5><U+10D4><U+10D1><U+10D2><U+10D5><U+10D4><U+10E
0><U+10D3><U+10D8>,
 []


Overfull \hbox (106.97943pt too wide) in paragraph at lines 109--110
\EU1/arial_geo(0)/m/n/10 <U+10E0><U+10D0><U+10E1><U+10D0><U+10EA> <U+10D7><U+10
E5><U+10D5><U+10D4><U+10DC><U+10E1>
 []


Overfull \hbox (7.27565pt too wide) in paragraph at lines 109--110
\EU1/arial_geo(0)/m/n/10 <U+10D1><U+10E0><U+10DD><U+10E3><U+10D6><U+10D4><U+10E
0><U+10E8><U+10D8>
 []


Overfull \hbox (475.83197pt too wide) in paragraph at lines 109--110
\EU1/arial_geo(0)/m/n/10 <U+10EE><U+10D4><U+10D3><U+10D0><U+10D5><U+10D7>, html
-<U+10D3><U+10DD><U+10D9><U+10E3><U+10DB><U+10D4><U+10DC><U+10E2><U+10D4><U+10D
1><U+10D8><U+10E1>
 []


Overfull \hbox (108.44264pt too wide) in paragraph at lines 109--110
\EU1/arial_geo(0)/m/n/10 <U+10D4><U+10E0><U+10D7><U+10DD><U+10D1><U+10DA><U+10D
8><U+10DD><U+10D1><U+10D0><U+10E1>
 []


Overfull \hbox (112.32936pt too wide) in paragraph at lines 109--110
\EU1/arial_geo(0)/m/n/10 <U+10EC><U+10D0><U+10E0><U+10DB><U+10DD><U+10D0><U+10D
3><U+10D2><U+10D4><U+10DC><U+10E1>.
 []


Overfull \hbox (463.04388pt too wide) in paragraph at lines 109--110
\EU1/arial_geo(0)/m/n/10 R-<U+10D1><U+10DA><U+10DD><U+10D9><U+10DC><U+10DD><U+1
0E2><U+10D8> <U+10DB><U+10D0><U+10E0><U+10D9><U+10D8><U+10E0><U+10D4><U+10D1><U
+10D8><U+10E1>
 []


Overfull \hbox (109.19135pt too wide) in paragraph at lines 109--110
\EU1/arial_geo(0)/m/n/10 <U+10E8><U+10D4><U+10DB><U+10D3><U+10D4><U+10D2> <U+10
EA><U+10D0><U+10DA><U+10D9><U+10D4>
 []


Overfull \hbox (82.01686pt too wide) in paragraph at lines 109--110
\EU1/arial_geo(0)/m/n/10 html-<U+10D3><U+10DD><U+10D9><U+10E3><U+10DB><U+10D4><
U+10DC><U+10E2><U+10D0><U+10D3>
 []


Overfull \hbox (161.17377pt too wide) in paragraph at lines 109--110
\EU1/arial_geo(0)/m/n/10 <U+10D8><U+10E5><U+10EA><U+10D4><U+10D5><U+10D0>, <U+1
0E0><U+10DD><U+10DB><U+10DA><U+10D8><U+10E1>
 []


Overfull \hbox (356.31537pt too wide) in paragraph at lines 109--110
\EU1/arial_geo(0)/m/n/10 <U+10D2><U+10D0><U+10EE><U+10E1><U+10DC><U+10D0> <U+10
DC><U+10D4><U+10D1><U+10D8><U+10E1><U+10DB><U+10D8><U+10D4><U+10E0><U+10D8>,
 []


Overfull \hbox (6.71901pt too wide) in paragraph at lines 109--110
\EU1/arial_geo(0)/m/n/10 <U+10E8><U+10D4><U+10D3><U+10D0><U+10E0><U+10D4><U+10D
1><U+10D8><U+10D7>
 []


Overfull \hbox (108.9944pt too wide) in paragraph at lines 109--110
\EU1/arial_geo(0)/m/n/10 <U+10D7><U+10D0><U+10DC><U+10D0><U+10DB><U+10D4><U+10D
3><U+10E0><U+10DD><U+10D5><U+10D4>
 []


Overfull \hbox (7.27565pt too wide) in paragraph at lines 109--110
\EU1/arial_geo(0)/m/n/10 <U+10D1><U+10E0><U+10DD><U+10E3><U+10D6><U+10D4><U+10E
0><U+10D8><U+10E1>
 []


Overfull \hbox (107.33424pt too wide) in paragraph at lines 109--110
\EU1/arial_geo(0)/m/n/10 <U+10DB><U+10D4><U+10E8><U+10D5><U+10D4><U+10DD><U+10D
1><U+10D8><U+10D7><U+10D0><U+10D0>
 []


Overfull \hbox (109.56569pt too wide) in paragraph at lines 109--110
\EU1/arial_geo(0)/m/n/10 <U+10E8><U+10D4><U+10E1><U+10D0><U+10EB><U+10DA><U+10D
4><U+10D1><U+10D4><U+10DA><U+10D8>. 
 []

[7]
File: img/knit_to_html.PNG Graphic file (type QTm)
 <use  "img/knit_to_html.PNG" >
Overfull \hbox (47.06895pt too wide) in paragraph at lines 114--114
[]\EU1/arial_geo(0)/m/n/10 სურ. 5: []<U+10D1><U+10DA><U+10DD><U+10D9><U+10DC><U
+10DD><U+10E2><U+10D8><U+10E1>
 []


Overfull \hbox (62.01198pt too wide) in paragraph at lines 114--114
\EU1/arial_geo(0)/m/n/10 <U+10D9><U+10DD><U+10DB><U+10DE><U+10D8><U+10DA><U+10D
0><U+10EA><U+10D8><U+10D0> 
 []


Overfull \hbox (27.80788pt too wide) in paragraph at lines 119--120
[]\EU1/arial_geo(0)/m/n/10 <U+10D1><U+10DA><U+10DD><U+10D9><U+10DC><U+10DD><U+1
0E2><U+10D8><U+10E1>
 []


Overfull \hbox (304.14577pt too wide) in paragraph at lines 119--120
\EU1/arial_geo(0)/m/n/10 <U+10D9><U+10DD><U+10DB><U+10DE><U+10D8><U+10DA><U+10D
0><U+10EA><U+10D8><U+10D8><U+10E1><U+10D7><U+10D5><U+10D8><U+10E1>
 []


Overfull \hbox (204.27435pt too wide) in paragraph at lines 119--120
\EU1/arial_geo(0)/m/n/10 <U+10D3><U+10D0><U+10D0><U+10ED><U+10D8><U+10E0><U+10D
4><U+10D7> <U+10EB><U+10D0><U+10E4><U+10D8><U+10E1>
 []


Overfull \hbox (207.04291pt too wide) in paragraph at lines 119--120
\EU1/arial_geo(0)/m/n/10 <U+10D2><U+10DD><U+10E0><U+10D2><U+10DA><U+10D8><U+10E
1> <U+10E4><U+10DD><U+10E0><U+10DB><U+10D8><U+10E1>
 []


Overfull \hbox (302.3131pt too wide) in paragraph at lines 119--120
\EU1/arial_geo(0)/m/n/10 <U+10E6><U+10D8><U+10DA><U+10D0><U+10D9><U+10E1> <U+10
D3><U+10D0> <U+10D0><U+10D8><U+10E0><U+10E9><U+10D8><U+10D4><U+10D7>
 []


Overfull \hbox (23.68495pt too wide) in paragraph at lines 119--120
\EU1/arial_geo(0)/m/n/10 <U+10D1><U+10E0><U+10EB><U+10D0><U+10DC><U+10D4><U+10D
1><U+10D0> $\OML/cmm/m/it/10 knittoHTML$
 []


Overfull \hbox (370.79292pt too wide) in paragraph at lines 119--120
\EU1/arial_geo(0)/m/n/10 (<U+10D8><U+10EE>. <U+10E1><U+10E3><U+10E0>. [][]5[][]
. <U+10D7><U+10E3> <U+10E7><U+10D5><U+10D4><U+10DA><U+10D0><U+10E4><U+10D4><U+1
0E0><U+10D8>
 []


Overfull \hbox (257.35541pt too wide) in paragraph at lines 119--120
\EU1/arial_geo(0)/m/n/10 <U+10E1><U+10EC><U+10DD><U+10E0><U+10D0><U+10D3> <U+10
D2><U+10D0><U+10D0><U+10D9><U+10D4><U+10D7><U+10D4><U+10D7>,
 []


Overfull \hbox (160.05072pt too wide) in paragraph at lines 119--120
\EU1/arial_geo(0)/m/n/10 <U+10DB><U+10D6><U+10D0> <U+10D3><U+10DD><U+10D9><U+10
E3><U+10DB><U+10D4><U+10DC><U+10E2><U+10D8>
 []


Overfull \hbox (105.67897pt too wide) in paragraph at lines 119--120
\EU1/arial_geo(0)/m/n/10 <U+10D0><U+10D5><U+10E2><U+10DD><U+10DB><U+10D0><U+10E
2><U+10E3><U+10E0><U+10D0><U+10D3>
 []


Overfull \hbox (12.26588pt too wide) in paragraph at lines 119--120
\EU1/arial_geo(0)/m/n/10 <U+10D2><U+10D0><U+10D8><U+10EE><U+10E1><U+10DC><U+10D
4><U+10D1><U+10D0>.
 []


Overfull \hbox (12.26588pt too wide) in paragraph at lines 119--120
\EU1/arial_geo(0)/m/n/10 <U+10D2><U+10D0><U+10EE><U+10E1><U+10DD><U+10D5><U+10D
3><U+10D4><U+10D7>,
 []


Overfull \hbox (260.11908pt too wide) in paragraph at lines 119--120
\EU1/arial_geo(0)/m/n/10 <U+10E0><U+10DD><U+10DB> <U+10D9><U+10DD><U+10DB><U+10
DE><U+10D8><U+10DA><U+10D0><U+10EA><U+10D8><U+10D8><U+10E1>
 []


Overfull \hbox (60.9595pt too wide) in paragraph at lines 119--120
\EU1/arial_geo(0)/m/n/10 <U+10D3><U+10E0><U+10DD><U+10E1>, $\OML/cmm/m/it/10 R 
\OMS/cmsy/m/n/10 ^^@ \OML/cmm/m/it/10 Studio$ \EU1/arial_geo(0)/m/n/10 <U+10D9>
<U+10DD><U+10D3><U+10D8><U+10E1>
 []


Overfull \hbox (11.14772pt too wide) in paragraph at lines 119--120
\EU1/arial_geo(0)/m/n/10 <U+10DC><U+10D0><U+10EC><U+10D8><U+10DA><U+10D4><U+10D
1><U+10E8><U+10D8>
 []


Overfull \hbox (9.48756pt too wide) in paragraph at lines 119--120
\EU1/arial_geo(0)/m/n/10 <U+10DB><U+10D8><U+10D7><U+10D8><U+10D7><U+10D4><U+10D
1><U+10E3><U+10DA>
 []


Overfull \hbox (55.928pt too wide) in paragraph at lines 119--120
\EU1/arial_geo(0)/m/n/10 <U+10E1><U+10D8><U+10DC><U+10E2><U+10D0><U+10E5><U+10E
1><U+10E1><U+10D0><U+10EA>
 []

[8]
Overfull \hbox (223.01881pt too wide) in paragraph at lines 121--121
[][]\EU1/arial_geo(0)/bx/n/12 <U+10DB><U+10DD><U+10D5><U+10E0><U+10E9><U+10D8>.
 <U+10E0><U+10DD><U+10D2><U+10DD><U+10E0>
 []


Overfull \hbox (37.67897pt too wide) in paragraph at lines 121--121
\EU1/arial_geo(0)/bx/n/12 <U+10E9><U+10D0><U+10D5><U+10D0><U+10D1><U+10D0><U+10
E0><U+10DD>
 []


Overfull \hbox (400.15358pt too wide) in paragraph at lines 121--121
\EU1/arial_geo(0)/bx/n/12 <U+10E9><U+10D4><U+10DB><U+10D8> <U+10DC><U+10D0><U+1
0DB><U+10E3><U+10E8><U+10D4><U+10D5><U+10D0><U+10E0><U+10D8>? 
 []


Overfull \hbox (59.43549pt too wide) in paragraph at lines 123--124
\EU1/arial_geo(0)/m/n/10 <U+10D7><U+10E5><U+10D5><U+10D4><U+10DC><U+10E1> <U+10
DB><U+10D8><U+10D4><U+10E0>
 []


Overfull \hbox (449.72845pt too wide) in paragraph at lines 123--124
\EU1/arial_geo(0)/m/n/10 <U+10E8><U+10D4><U+10E5><U+10DB><U+10DC><U+10D8><U+10D
A><U+10D8> <U+10D3><U+10D8><U+10E0><U+10D4><U+10E5><U+10E2><U+10DD><U+10E0><U+1
0D8><U+10D0>
 []


Overfull \hbox (55.36647pt too wide) in paragraph at lines 123--124
\EU1/arial_geo(0)/m/n/10 <U+10D3><U+10D0><U+10D0><U+10D0><U+10E0><U+10E5><U+10D
8><U+10D5><U+10D4><U+10D7>
 []


Overfull \hbox (107.67368pt too wide) in paragraph at lines 123--124
\EU1/arial_geo(0)/m/n/10 ($\OML/cmm/m/it/10 :zip$ \EU1/arial_geo(0)/m/n/10 <U+1
0D0><U+10DC> $\OML/cmm/m/it/10 :rar$ \EU1/arial_geo(0)/m/n/10 <U+10E4><U+10DD><
U+10E0><U+10DB><U+10D0><U+10E2><U+10E8><U+10D8>).
 []


Overfull \hbox (156.73529pt too wide) in paragraph at lines 123--124
\EU1/arial_geo(0)/m/n/10 <U+10DB><U+10D8><U+10E6><U+10D4><U+10D1><U+10E3><U+10D
A> <U+10E4><U+10D0><U+10D8><U+10DA><U+10E1>
 []


Overfull \hbox (252.92181pt too wide) in paragraph at lines 123--124
\EU1/arial_geo(0)/m/n/10 <U+10E1><U+10D0><U+10EE><U+10D4><U+10DA><U+10D8> <U+10
D3><U+10D0><U+10D0><U+10E0><U+10E5><U+10D5><U+10D8><U+10D7>
 []


Overfull \hbox (306.00775pt too wide) in paragraph at lines 123--124
\EU1/arial_geo(0)/m/n/10 <U+10E8><U+10D4><U+10DB><U+10D3><U+10D4><U+10D2><U+10D
8> <U+10E4><U+10DD><U+10E0><U+10DB><U+10D0><U+10E2><U+10D8><U+10D7>:
 []


Overfull \hbox (245.47775pt too wide) in paragraph at lines 123--124
\EU1/arial_geo(0)/m/n/10 <U+10D2><U+10D5><U+10D0><U+10E0><U+10D8>$[]\OML/cmm/m/
it/10 ab\OT1/cmr/m/n/10 1\OML/cmm/m/it/10 :zip$\EU1/arial_geo(0)/m/n/10 . <U+10
DB><U+10D0><U+10D2><U+10D0><U+10DA><U+10D8><U+10D7><U+10D3>: 
 []


Overfull \hbox (220.93451pt too wide) in paragraph at lines 126--127
[]\EU1/arial_geo(0)/m/n/10 <U+10DB><U+10D8><U+10E6><U+10D4><U+10D1><U+10E3><U+1
0DA><U+10D8> <U+10E4><U+10D0><U+10D8><U+10DA><U+10D8>
 []


Overfull \hbox (404.95306pt too wide) in paragraph at lines 126--127
\EU1/arial_geo(0)/m/n/10 <U+10DB><U+10DD><U+10DB><U+10D3><U+10D4><U+10D5><U+10D
C><U+10DD> <U+10E8><U+10D4><U+10EE><U+10D5><U+10D4><U+10D3><U+10E0><U+10D8><U+1
0E1>
 []


Overfull \hbox (58.13503pt too wide) in paragraph at lines 126--127
\EU1/arial_geo(0)/m/n/10 <U+10D3><U+10D0><U+10EC><U+10E7><U+10D4><U+10D1><U+10D
0><U+10DB><U+10D3><U+10D4>
 []


Overfull \hbox (58.32709pt too wide) in paragraph at lines 126--127
\EU1/arial_geo(0)/m/n/10 <U+10D0><U+10E2><U+10D5><U+10D8><U+10E0><U+10D7><U+10D
4><U+10D7> <U+10D0><U+10DB>
 []

Package atveryend Info: Empty hook `BeforeClearDocument' on input line 130.
[9]
Package atveryend Info: Empty hook `AfterLastShipout' on input line 130.
 (lab1.tex.aux)
Package atveryend Info: Empty hook `AtVeryEndDocument' on input line 130.
Package atveryend Info: Empty hook `AtEndAfterFileList' on input line 130.
Package atveryend Info: Empty hook `AtVeryVeryEnd' on input line 130.
 ) 
Here is how much of TeX's memory you used:
 22272 strings out of 428408
 395144 string characters out of 3159514
 418360 words of memory out of 3000000
 25535 multiletter control sequences out of 15000+200000
 6888 words of font info for 43 fonts, out of 3000000 for 9000
 1328 hyphenation exceptions out of 8191
 46i,6n,63p,10381b,341s stack positions out of 5000i,500n,10000p,200000b,50000s

Output written on lab1.tex.pdf (9 pages).
