-------------------------------------------------------------------------------
       log:  C:\My Documents\ps299\paper4\log\depvars.log
  log type:  text
 opened on:  24 Feb 2002, 12:15:49

. #delimit ;
delimiter now ;
. tab icb kosimo if year<=1994;

           |        kosimo
       icb |         0          1 |     Total
-----------+----------------------+----------
         0 |    358356       2710 |    361066 
         1 |       184        275 |       459 
-----------+----------------------+----------
     Total |    358540       2985 |    361525 


. tab mid kosimo if year<=1992;

           |        kosimo
       mid |         0          1 |     Total
-----------+----------------------+----------
         0 |    332023       2012 |    334035 
         1 |      1045        845 |      1890 
-----------+----------------------+----------
     Total |    333068       2857 |    335925 


. tab mid icb if year<=1992;

           |          icb
       mid |         0          1 |     Total
-----------+----------------------+----------
         0 |    333939         96 |    334035 
         1 |      1540        350 |      1890 
-----------+----------------------+----------
     Total |    335479        446 |    335925 


. tab icb crisis if year<=1994;

           |     kos. no lat.
       icb |         0          1 |     Total
-----------+----------------------+----------
         0 |    360129        937 |    361066 
         1 |       214        245 |       459 
-----------+----------------------+----------
     Total |    360343       1182 |    361525 


. tab mid crisis if year<=1992;

           |     kos. no lat.
       mid |         0          1 |     Total
-----------+----------------------+----------
         0 |    333471        564 |    334035 
         1 |      1329        561 |      1890 
-----------+----------------------+----------
     Total |    334800       1125 |    335925 


. log close;
       log:  C:\My Documents\ps299\paper4\log\depvars.log
  log type:  text
 closed on:  24 Feb 2002, 12:16:24
-------------------------------------------------------------------------------
