-------------------------------------------------------------------------------
       log:  C:\My Documents\ps299\paper4\log\rmod.log
  log type:  text
 opened on:  24 Feb 2002, 13:06:25

. gen rpostciv=postcold*rintcivdy;

. gen rblocciv=diffbloc*rintcivdy;

. gen rbordeciv=border*rintcivdy;

. gen rdemciv=mindem*rintcivdy;

. gen rmodciv=mod*rintcivdy;

. * table 8;
. tab intcivdy rintcivdy;

           |       rintcivdy
  intcivdy |         0          1 |     Total
-----------+----------------------+----------
         0 |      6947        451 |      7398 
         1 |      1286      34160 |     35446 
-----------+----------------------+----------
     Total |      8233      34611 |     42844 


. * table 9;
. relogit kosimo rintcivdy postcold diffbloc border mindem mod rpostciv rblocci
> v
>         rbordeciv rdemciv rmodciv peaceyrs _spline1 _spline2 _spline3 dymilba
> l 
>         majpow distance, wc(.0079) cluster(dyad);
(383 missing values generated)


Corrected logit estimates                             Number of obs =    42461

------------------------------------------------------------------------------
             |               Robust
      kosimo |      Coef.   Std. Err.      z    P>|z|     [95% Conf. Interval]
-------------+----------------------------------------------------------------
   rintcivdy |  -2.475935    .630485    -3.93   0.000    -3.711663   -1.240207
    postcold |  -.9738981   .3656298    -2.66   0.008    -1.690519   -.2572768
    diffbloc |   .1730592   .3339587     0.52   0.604    -.4814878    .8276062
      border |   2.453757   .3429317     7.16   0.000     1.781623    3.125891
      mindem |  -.1072024   .0216567    -4.95   0.000    -.1496487   -.0647561
         mod |   4.754987   1.475022     3.22   0.001     1.863997    7.645977
    rpostciv |   .4829424    .515303     0.94   0.349    -.5270329    1.492918
    rblocciv |    1.33936   .4268261     3.14   0.002     .5027957    2.175923
   rbordeciv |   .8148939   .4674238     1.74   0.081    -.1012399    1.731028
     rdemciv |   .1011644   .0288802     3.50   0.000     .0445602    .1577685
     rmodciv |   .5529673   1.822895     0.30   0.762    -3.019842    4.125777
    peaceyrs |  -1.746991   .0929341   -18.80   0.000    -1.929139   -1.564844
    _spline1 |  -.0170748    .001109   -15.40   0.000    -.0192484   -.0149013
    _spline2 |   .0122007    .000911    13.39   0.000     .0104151    .0139862
    _spline3 |  -.0038555   .0004033    -9.56   0.000    -.0046459   -.0030651
    dymilbal |  -1.668043   .5777662    -2.89   0.004    -2.800444   -.5356422
      majpow |   2.694292   .2274244    11.85   0.000     2.248549    3.140036
    distance |  -.2684834    .130651    -2.05   0.040    -.5245547   -.0124122
       _cons |  -.5044143    1.13008    -0.45   0.655    -2.719331    1.710502
------------------------------------------------------------------------------

. log close;
       log:  C:\My Documents\ps299\paper4\log\rmod.log
  log type:  text
 closed on:  24 Feb 2002, 13:06:46
-------------------------------------------------------------------------------
