---------------------------------------------------------------------------------------
       log:  /afs/ir.stanford.edu/users/t/o/tomz/AER2007/classify.log
  log type:  text
 opened on:  19 Jun 2007, 05:38:49

. 
. ***************************************************************
. * COMPARE ROSE CLASSIFICATIONS TO TOMZ, GOLDSTEIN, AND RIVERS *
. ***************************************************************
. 
. ** CREATE MONADIC MEMBERSHIP DATASET **
. tempfile bottom

. use TGR2007, clear             /* load merged data */
(Tomz Goldstein Rivers AER)

. keep cty2name year join2 curcol gattmbr2  /* 2nd country in dyad */

. rename cty2name ctyname

. rename join2 join

. rename gattmbr2 gattmbr

. save `bottom'
file /tmp/St15255.000004 saved

. use TGR2007, clear             /* reload merged data */
(Tomz Goldstein Rivers AER)

. keep cty1name year join1 curcol gattmbr1  /* 1st country in dyad */

. rename cty1name ctyname

. rename join1 join

. rename gattmbr1 gattmbr

. append using `bottom'                     /* stack 1st, 2nd countries */

. duplicates drop ctyname year join curcol gattmbr, force

Duplicates in terms of ctyname year join curcol gattmbr

(462310 observations deleted)

. gen rosein = (join <= year)

. 
. ** ROSE'S TREATMENT OF PROVISIONAL MEMBERS **
. egen maxrose = max(rosein) if gattmbr == "prov", by(ctyname)
(6813 missing values generated)

. egen minrose = min(rosein) if gattmbr == "prov", by(ctyname)
(6813 missing values generated)

. 
. * Rose dataset treats the following provisionals
. * as members in their relations with all countries
. tab ctyname if minrose == 1
no observations

. 
. * Rose dataset treats the following provisionals
. * as nonmembers in their relations with all countries
. tab ctyname if maxrose == 0

                 Name of country 1 |      Freq.     Percent        Cum.
-----------------------------------+-----------------------------------
                         ARGENTINA |          5        7.04        7.04
                          COLOMBIA |          5        7.04       14.08
                             EGYPT |          7        9.86       23.94
                           ICELAND |          4        5.63       29.58
                            ISRAEL |          3        4.23       33.80
                             JAPAN |          2        2.82       36.62
                       PHILIPPINES |          6        8.45       45.07
                       SWITZERLAND |          6        8.45       53.52
                           TUNISIA |         30       42.25       95.77
YUGOSLAVIA, SOCIALIST FED. REP. OF |          3        4.23      100.00
-----------------------------------+-----------------------------------
                             Total |         71      100.00

. 
. * Were there any mixed cases, in which provisionals were treated
. * as members in relations with some countries but not with others?
. tab ctyname if maxrose ~= minrose
no observations

. drop maxrose minrose

. 
. ** ROSE'S TREATMENT OF DE FACTO MEMBERS **
. egen maxrose = max(rosein) if gattmbr == "df", by(ctyname)
(6268 missing values generated)

. egen minrose = min(rosein) if gattmbr == "df", by(ctyname)
(6268 missing values generated)

. 
. * Rose dataset treats the following de factos
. * as members in their relations with all countries
. tab ctyname if minrose == 1

                 Name of country 1 |      Freq.     Percent        Cum.
-----------------------------------+-----------------------------------
                           COMOROS |          3      100.00      100.00
-----------------------------------+-----------------------------------
                             Total |          3      100.00

. 
. * Rose dataset treats the following de factos
. * as nonmembers in their relations with all countries
. tab ctyname if maxrose == 0

                 Name of country 1 |      Freq.     Percent        Cum.
-----------------------------------+-----------------------------------
                           ALGERIA |         35        5.71        5.71
                            ANGOLA |         19        3.10        8.81
               ANTIGUA AND BARBUDA |          6        0.98        9.79
                           BAHAMAS |         23        3.75       13.54
                           BAHRAIN |         18        2.94       16.48
                          BARBADOS |          1        0.16       16.64
                            BELIZE |          2        0.33       16.97
                             BENIN |          3        0.49       17.46
                          BOTSWANA |         18        2.94       20.39
                      BURKINA FASO |          3        0.49       20.88
                           BURUNDI |          2        0.33       21.21
                          CAMEROON |          3        0.49       21.70
                        CAPE VERDE |         22        3.59       25.29
              CENTRAL AFRICAN REP. |          3        0.49       25.77
                              CHAD |          3        0.49       26.26
       CONGO, DEM. REP. OF (ZAIRE) |         11        1.79       28.06
                    CONGO, REP. OF |          3        0.49       28.55
       COTE D'IVORIE (IVORY COAST) |          3        0.49       29.04
                            CYPRUS |          3        0.49       29.53
                          DOMINICA |         15        2.45       31.97
                 EQUATORIAL GUINEA |         14        2.28       34.26
                              FIJI |         23        3.75       38.01
                             GABON |          3        0.49       38.50
                           GRENADA |         20        3.26       41.76
                            GUINEA |          3        0.49       42.25
                     GUINEA-BISSAU |         20        3.26       45.51
                           JAMAICA |          1        0.16       45.68
                             KENYA |          1        0.16       45.84
                          KIRIBATI |         18        2.94       48.78
                            KUWAIT |          1        0.16       48.94
                           LESOTHO |         19        3.10       52.04
                        MADAGASCAR |          3        0.49       52.53
                              MALI |         33        5.38       57.91
                        MAURITANIA |          3        0.49       58.40
                         MAURITIUS |          2        0.33       58.73
                        MOZAMBIQUE |         17        2.77       61.50
                           NAMIBIA |          2        0.33       61.83
                             NIGER |          3        0.49       62.32
                    PAPUA N.GUINEA |         19        3.10       65.42
                             QATAR |         23        3.75       69.17
                            RWANDA |          2        0.33       69.49
               SAO TOME & PRINCIPE |          1        0.16       69.66
                           SENEGAL |          3        0.49       70.15
                        SEYCHELLES |         21        3.43       73.57
                         SINGAPORE |          8        1.31       74.88
                   SOLOMON ISLANDS |         16        2.61       77.49
                   ST. KITTS&NEVIS |         11        1.79       79.28
                          ST.LUCIA |         14        2.28       81.57
                    ST.VINCENT&GRE |         14        2.28       83.85
                          SURINAME |          3        0.49       84.34
                         SWAZILAND |         24        3.92       88.25
                              TOGO |          4        0.65       88.91
                             TONGA |         22        3.59       92.50
              UNITED ARAB EMIRATES |         22        3.59       96.08
                YEMEN, REPUBLIC OF |          6        0.98       97.06
                            ZAMBIA |         18        2.94      100.00
-----------------------------------+-----------------------------------
                             Total |        613      100.00

. return list

scalars:
                 r(N) =  613
                 r(r) =  56

. 
. * Were there any mixed cases, in which de factos were treated as
. * members in relations with some countries but not with others?
. tab ctyname if maxrose ~= minrose
no observations

. drop maxrose minrose

. 
. ** ROSE'S TREATMENT OF COLONIAL PARTICIPANTS **
. 
. * How many countries in the rose dataset were colonial
. * members for at least some years covered in the dataset?
. tab ctyname if gattmbr == "col"

                 Name of country 1 |      Freq.     Percent        Cum.
-----------------------------------+-----------------------------------
                           ALGERIA |         24        2.88        2.88
                            ANGOLA |         26        3.12        6.00
               ANTIGUA AND BARBUDA |          8        0.96        6.96
                           BAHAMAS |         26        3.12       10.08
                          BARBADOS |         17        2.04       12.12
                            BELIZE |         42        5.04       17.17
                           BERMUDA |         74        8.88       26.05
                        CAPE VERDE |         26        3.12       29.17
                           COMOROS |         13        1.56       30.73
       CONGO, DEM. REP. OF (ZAIRE) |         10        1.20       31.93
                            CYPRUS |         20        2.40       34.33
                          DJIBOUTI |         15        1.80       36.13
                          DOMINICA |          4        0.48       36.61
                              FIJI |         21        2.52       39.14
                            GAMBIA |         10        1.20       40.34
                             GHANA |         14        1.68       42.02
                           GRENADA |          2        0.24       42.26
                     GUINEA-BISSAU |         22        2.64       44.90
                            GUYANA |         30        3.60       48.50
                         HONG KONG |         52        6.24       54.74
                             KENYA |         26        3.12       57.86
                          KIRIBATI |         11        1.32       59.18
                           LESOTHO |          1        0.12       59.30
                             MALTA |         12        1.44       60.74
                         MAURITIUS |         34        4.08       64.83
                        MOZAMBIQUE |         26        3.12       67.95
                           NAMIBIA |         20        2.40       70.35
                           NIGERIA |         20        2.40       72.75
                             QATAR |         10        1.20       73.95
                           REUNION |         60        7.20       81.15
                        SEYCHELLES |         14        1.68       82.83
                      SIERRA LEONE |          2        0.24       83.07
                         SINGAPORE |         13        1.56       84.63
                   SOLOMON ISLANDS |         12        1.44       86.07
                   ST. KITTS&NEVIS |         11        1.32       87.39
                          ST.LUCIA |          6        0.72       88.12
                    ST.VINCENT&GRE |          5        0.60       88.72
                          SURINAME |         44        5.28       94.00
                          TANZANIA |          2        0.24       94.24
                   TRINIDAD&TOBAGO |         24        2.88       97.12
                            UGANDA |         24        2.88      100.00
-----------------------------------+-----------------------------------
                             Total |        833      100.00

. return list

scalars:
                 r(N) =  833
                 r(r) =  41

. 
. * The Rose dataset classifies the following colonies as members
. egen maxrose = max(rosein) if gattmbr == "col", by(ctyname)
(6051 missing values generated)

. egen minrose = min(rosein) if gattmbr == "col", by(ctyname)
(6051 missing values generated)

. tab ctyname if minrose == 1

                 Name of country 1 |      Freq.     Percent        Cum.
-----------------------------------+-----------------------------------
                           BERMUDA |         74       50.34       50.34
                           COMOROS |         13        8.84       59.18
                           REUNION |         60       40.82      100.00
-----------------------------------+-----------------------------------
                             Total |        147      100.00

. 
. * The Rose dataset misses the following colonial participants
. tab ctyname if maxrose == 0

                 Name of country 1 |      Freq.     Percent        Cum.
-----------------------------------+-----------------------------------
       CONGO, DEM. REP. OF (ZAIRE) |         10       32.26       32.26
                           LESOTHO |          1        3.23       35.48
                           NAMIBIA |         20       64.52      100.00
-----------------------------------+-----------------------------------
                             Total |         31      100.00

. 
. * The Rose dataset classifies the following colonies as members for
. * years in which they were not actually subject to the agreement
. tab ctyname if curcol == 1 & rosein == 1 & gattmbr == "out"

                 Name of country 1 |      Freq.     Percent        Cum.
-----------------------------------+-----------------------------------
                           JAMAICA |         12       35.29       35.29
                           MOROCCO |          6       17.65       52.94
                    PAPUA N.GUINEA |         15       44.12       97.06
                           VANUATU |          1        2.94      100.00
-----------------------------------+-----------------------------------
                             Total |         34      100.00

. drop maxrose minrose

. 
. * The Rose dataset treats the following colonies as
. * insiders when paired with their metropole
. egen minrose = min(rosein) if gattmbr == "col" & curcol==1, by(ctyname)
(6501 missing values generated)

. tab ctyname if minrose==1

                 Name of country 1 |      Freq.     Percent        Cum.
-----------------------------------+-----------------------------------
                           ALGERIA |         12        3.13        3.13
                            ANGOLA |         13        3.39        6.53
               ANTIGUA AND BARBUDA |          3        0.78        7.31
                           BAHAMAS |         13        3.39       10.70
                          BARBADOS |          8        2.09       12.79
                            BELIZE |         21        5.48       18.28
                           BERMUDA |         37        9.66       27.94
                        CAPE VERDE |         13        3.39       31.33
                           COMOROS |          5        1.31       32.64
                            CYPRUS |         10        2.61       35.25
                          DJIBOUTI |          7        1.83       37.08
                          DOMINICA |          2        0.52       37.60
                              FIJI |         10        2.61       40.21
                            GAMBIA |          5        1.31       41.51
                             GHANA |          7        1.83       43.34
                           GRENADA |          1        0.26       43.60
                     GUINEA-BISSAU |         10        2.61       46.21
                            GUYANA |         15        3.92       50.13
                         HONG KONG |         26        6.79       56.92
                             KENYA |         13        3.39       60.31
                          KIRIBATI |          2        0.52       60.84
                             MALTA |          6        1.57       62.40
                         MAURITIUS |         17        4.44       66.84
                        MOZAMBIQUE |         13        3.39       70.23
                           NIGERIA |         10        2.61       72.85
                             QATAR |          5        1.31       74.15
                           REUNION |         30        7.83       81.98
                        SEYCHELLES |          6        1.57       83.55
                      SIERRA LEONE |          1        0.26       83.81
                         SINGAPORE |          5        1.31       85.12
                   SOLOMON ISLANDS |          3        0.78       85.90
                   ST. KITTS&NEVIS |          3        0.78       86.68
                          ST.LUCIA |          2        0.52       87.21
                    ST.VINCENT&GRE |          2        0.52       87.73
                          SURINAME |         22        5.74       93.47
                          TANZANIA |          1        0.26       93.73
                   TRINIDAD&TOBAGO |         12        3.13       96.87
                            UGANDA |         12        3.13      100.00
-----------------------------------+-----------------------------------
                             Total |        383      100.00

. drop minrose

. 
. * The Rose dataset treats the following colonies as
. * outsiders when they are paired with countries other than their metropole
. egen maxrose = max(rosein) if gattmbr == "col" & curcol==0, by(ctyname)
(6434 missing values generated)

. egen minrose = min(rosein) if gattmbr == "col" & curcol==0, by(ctyname)
(6434 missing values generated)

. tab ctyname if maxrose == 0

                 Name of country 1 |      Freq.     Percent        Cum.
-----------------------------------+-----------------------------------
                           ALGERIA |         12        3.20        3.20
                            ANGOLA |         13        3.47        6.67
               ANTIGUA AND BARBUDA |          5        1.33        8.00
                           BAHAMAS |         13        3.47       11.47
                          BARBADOS |          9        2.40       13.87
                            BELIZE |         21        5.60       19.47
                        CAPE VERDE |         13        3.47       22.93
       CONGO, DEM. REP. OF (ZAIRE) |         10        2.67       25.60
                            CYPRUS |         10        2.67       28.27
                          DJIBOUTI |          8        2.13       30.40
                          DOMINICA |          2        0.53       30.93
                              FIJI |         11        2.93       33.87
                            GAMBIA |          5        1.33       35.20
                             GHANA |          7        1.87       37.07
                           GRENADA |          1        0.27       37.33
                     GUINEA-BISSAU |         12        3.20       40.53
                            GUYANA |         15        4.00       44.53
                         HONG KONG |         26        6.93       51.47
                             KENYA |         13        3.47       54.93
                          KIRIBATI |          9        2.40       57.33
                           LESOTHO |          1        0.27       57.60
                             MALTA |          6        1.60       59.20
                         MAURITIUS |         17        4.53       63.73
                        MOZAMBIQUE |         13        3.47       67.20
                           NAMIBIA |         20        5.33       72.53
                           NIGERIA |         10        2.67       75.20
                             QATAR |          5        1.33       76.53
                        SEYCHELLES |          8        2.13       78.67
                      SIERRA LEONE |          1        0.27       78.93
                         SINGAPORE |          8        2.13       81.07
                   SOLOMON ISLANDS |          9        2.40       83.47
                   ST. KITTS&NEVIS |          8        2.13       85.60
                          ST.LUCIA |          4        1.07       86.67
                    ST.VINCENT&GRE |          3        0.80       87.47
                          SURINAME |         22        5.87       93.33
                          TANZANIA |          1        0.27       93.60
                   TRINIDAD&TOBAGO |         12        3.20       96.80
                            UGANDA |         12        3.20      100.00
-----------------------------------+-----------------------------------
                             Total |        375      100.00

. return list

scalars:
                 r(N) =  375
                 r(r) =  38

. 
. * Were there any mixed cases, in which colonies were treated as
. * members in relations with some countries but not with others?
. tab ctyname if maxrose ~= minrose
no observations

. drop maxrose minrose

. 
. ** ROSE'S TREATMENT OF FORMAL MEMBERS **
. generate formal = cond(gattmbr=="orig" | gattmbr=="art26:5" | gattmbr=="art33" | gatt
> mbr=="wto",1,0)

. * The Rose dataset overlooks the following formal members
. * for at least some years
. tab ctyname if formal==1 & rosein==0

                 Name of country 1 |      Freq.     Percent        Cum.
-----------------------------------+-----------------------------------
                             BENIN |         33       94.29       94.29
                   KYRQYZ REPUBLIC |          2        5.71      100.00
-----------------------------------+-----------------------------------
                             Total |         35      100.00

. 
. ** A list of all countries in the Rose dataset that were 
. ** nonmember participants in at least some years covered by the dataset
. gen nmp = cond(gattmbr=="col" | gattmbr=="df" | gattmbr=="prov",1,0)

. tab ctyname if nmp==1

                 Name of country 1 |      Freq.     Percent        Cum.
-----------------------------------+-----------------------------------
                           ALGERIA |         59        3.88        3.88
                            ANGOLA |         45        2.96        6.84
               ANTIGUA AND BARBUDA |         14        0.92        7.76
                         ARGENTINA |          5        0.33        8.09
                           BAHAMAS |         49        3.22       11.32
                           BAHRAIN |         18        1.18       12.50
                          BARBADOS |         18        1.18       13.68
                            BELIZE |         44        2.89       16.58
                             BENIN |          3        0.20       16.78
                           BERMUDA |         74        4.87       21.64
                          BOTSWANA |         18        1.18       22.83
                      BURKINA FASO |          3        0.20       23.03
                           BURUNDI |          2        0.13       23.16
                          CAMEROON |          3        0.20       23.36
                        CAPE VERDE |         48        3.16       26.51
              CENTRAL AFRICAN REP. |          3        0.20       26.71
                              CHAD |          3        0.20       26.91
                          COLOMBIA |          5        0.33       27.24
                           COMOROS |         16        1.05       28.29
       CONGO, DEM. REP. OF (ZAIRE) |         21        1.38       29.67
                    CONGO, REP. OF |          3        0.20       29.87
       COTE D'IVORIE (IVORY COAST) |          3        0.20       30.07
                            CYPRUS |         23        1.51       31.58
                          DJIBOUTI |         15        0.99       32.57
                          DOMINICA |         19        1.25       33.82
                             EGYPT |          7        0.46       34.28
                 EQUATORIAL GUINEA |         14        0.92       35.20
                              FIJI |         44        2.89       38.09
                             GABON |          3        0.20       38.29
                            GAMBIA |         10        0.66       38.95
                             GHANA |         14        0.92       39.87
                           GRENADA |         22        1.45       41.32
                            GUINEA |          3        0.20       41.51
                     GUINEA-BISSAU |         42        2.76       44.28
                            GUYANA |         30        1.97       46.25
                         HONG KONG |         52        3.42       49.67
                           ICELAND |          4        0.26       49.93
                            ISRAEL |          3        0.20       50.13
                           JAMAICA |          1        0.07       50.20
                             JAPAN |          2        0.13       50.33
                             KENYA |         27        1.78       52.11
                          KIRIBATI |         29        1.91       54.01
                            KUWAIT |          1        0.07       54.08
                           LESOTHO |         20        1.32       55.39
                        MADAGASCAR |          3        0.20       55.59
                              MALI |         33        2.17       57.76
                             MALTA |         12        0.79       58.55
                        MAURITANIA |          3        0.20       58.75
                         MAURITIUS |         36        2.37       61.12
                        MOZAMBIQUE |         43        2.83       63.95
                           NAMIBIA |         22        1.45       65.39
                             NIGER |          3        0.20       65.59
                           NIGERIA |         20        1.32       66.91
                    PAPUA N.GUINEA |         19        1.25       68.16
                       PHILIPPINES |          6        0.39       68.55
                             QATAR |         33        2.17       70.72
                           REUNION |         60        3.95       74.67
                            RWANDA |          2        0.13       74.80
               SAO TOME & PRINCIPE |          1        0.07       74.87
                           SENEGAL |          3        0.20       75.07
                        SEYCHELLES |         35        2.30       77.37
                      SIERRA LEONE |          2        0.13       77.50
                         SINGAPORE |         21        1.38       78.88
                   SOLOMON ISLANDS |         28        1.84       80.72
                   ST. KITTS&NEVIS |         22        1.45       82.17
                          ST.LUCIA |         20        1.32       83.49
                    ST.VINCENT&GRE |         19        1.25       84.74
                          SURINAME |         47        3.09       87.83
                         SWAZILAND |         24        1.58       89.41
                       SWITZERLAND |          6        0.39       89.80
                          TANZANIA |          2        0.13       89.93
                              TOGO |          4        0.26       90.20
                             TONGA |         22        1.45       91.64
                   TRINIDAD&TOBAGO |         24        1.58       93.22
                           TUNISIA |         30        1.97       95.20
                            UGANDA |         24        1.58       96.78
              UNITED ARAB EMIRATES |         22        1.45       98.22
                YEMEN, REPUBLIC OF |          6        0.39       98.62
YUGOSLAVIA, SOCIALIST FED. REP. OF |          3        0.20       98.82
                            ZAMBIA |         18        1.18      100.00
-----------------------------------+-----------------------------------
                             Total |      1,520      100.00

. return list

scalars:
                 r(N) =  1520
                 r(r) =  80

. 
. log close
       log:  /afs/ir.stanford.edu/users/t/o/tomz/AER2007/classify.log
  log type:  text
 closed on:  19 Jun 2007, 05:40:33
---------------------------------------------------------------------------------------
